>>> Chip Screener v3.0 Signal Backtest
    2026-04-21 08:06:13
    Mode: Top 3/day × Sniper Rules

================================================================================
  🔬 Chip Screener v3.0 — Signal Backtest (Independent Trades)
  Strategy: 狙击手铁律 v2 (Let Winners Run)
  Picks/day: ≤3 (≥6🟢 only) | Min score: 60
  Per-position: ¥40,000
  Rules: 突破确认入场(+1%阳线+1.3x量比) | +10%卖1/3→MA10/21追踪 | -7%硬止损 | 25天横盘 | 35天上限
================================================================================
[1/5] Loading cached data...
  Loaded 2664 stocks in 0.2s
  Trade dates: 20230109 ~ 20260420 (792 days)
  Preprocessing stock data (with fast index)...
  Preprocessed 2664 stocks (indexed)

[1.5/5] Loading CSI 300 for market stage filter...
  Loaded CSI 300 cache: 1038 rows (20220104~20260420)

[2/5] Signal window: 20230711 ~ 20260420 (672 days)
  Data ends at: 20260420 (trades near end force-closed at last price)
  Stocks need ≥90 rows of history to be screened

[2.5/5] Pre-computing market profit ratios (vectorized dual-window 20d+10d)...
  Building close matrix (2664 stocks × 792 dates)...
  Matrix built in 0.2s
  ✅ Profit ratios cached for 672 days in 0.3s

[3/5] Running daily screening...
  672 days × 2664 stocks
  Picking ≤3/day, only ≥6🟢 (score≥60)
  YELLOW mode: score≥105 only
  🚀 Chip distribution caching: ENABLED

  Day  81/672: 20231108 🟢GREEN max3 PR:47%(20d:24%/10d:47%) | picks:12 L1avg:55 cache:1891 | 9s ETA 1.1min
  Day  86/672: 20231115 🟢GREEN max3 PR:46%(20d:46%/10d:33%) | picks:13 L1avg:102 cache:2366 | 11s ETA 1.3min
  Day  91/672: 20231122 🟢GREEN max3 PR:47%(20d:47%/10d:12%) | picks:14 L1avg:147 cache:3357 | 17s ETA 1.8min
  Day 151/672: 20240223 🟢GREEN max3 PR:76%(20d:21%/10d:76%) | picks:19 L1avg:28 cache:4019 | 20s ETA 1.2min
  Day 156/672: 20240301 🟢GREEN max3 PR:64%(20d:29%/10d:64%) | picks:20 L1avg:143 cache:5171 | 27s ETA 1.5min
  Day 161/672: 20240308 🟢GREEN max3 PR:73%(20d:73%/10d:29%) | picks:20 L1avg:164 cache:5663 | 31s ETA 1.6min
  Day 166/672: 20240315 🟢GREEN max3 PR:72%(20d:72%/10d:26%) | picks:20 L1avg:76 cache:5931 | 33s ETA 1.7min
  Day 171/672: 20240322 🟢GREEN max3 PR:48%(20d:48%/10d:35%) | picks:20 L1avg:48 cache:6146 | 36s ETA 1.8min
  Day 196/672: 20240430 🟢GREEN max3 PR:66%(20d:29%/10d:66%) | picks:22 L1avg:23 cache:6462 | 38s ETA 1.5min
  Day 201/672: 20240510 🟢GREEN max3 PR:58%(20d:32%/10d:58%) | picks:31 L1avg:196 cache:8194 | 48s ETA 1.9min
  Day 206/672: 20240517 🟢GREEN max3 PR:68%(20d:68%/10d:22%) | picks:36 L1avg:302 cache:9486 | 55s ETA 2.1min
  Day 211/672: 20240524 🟢GREEN max3 PR:35%(20d:35%/10d:8%) | picks:41 L1avg:227 cache:10463 | 62s ETA 2.2min
  Day 296/672: 20240925 🟢GREEN max3 PR:45%(20d:40%/10d:45%) | picks:42 L1avg:41 cache:11569 | 68s ETA 1.4min
  Day 301/672: 20241009 🟢GREEN max3 PR:98%(20d:95%/10d:98%) | picks:43 L1avg:171 cache:12868 | 75s ETA 1.5min
  Day 306/672: 20241016 🟢GREEN max3 PR:95%(20d:95%/10d:90%) | picks:43 L1avg:164 cache:13208 | 78s ETA 1.6min
  Day 311/672: 20241023 🟢GREEN max3 PR:98%(20d:98%/10d:27%) | picks:43 L1avg:226 cache:15125 | 88s ETA 1.7min
  Day 316/672: 20241030 🟢GREEN max3 PR:93%(20d:93%/10d:53%) | picks:43 L1avg:450 cache:17710 | 101s ETA 1.9min
  Day 321/672: 20241106 🟢GREEN max3 PR:55%(20d:55%/10d:46%) | picks:44 L1avg:490 cache:20030 | 113s ETA 2.1min
  Day 326/672: 20241113 🟢GREEN max3 PR:81%(20d:81%/10d:58%) | picks:46 L1avg:264 cache:20346 | 116s ETA 2.1min
  Day 331/672: 20241120 🟢GREEN max3 PR:48%(20d:48%/10d:19%) | picks:46 L1avg:44 cache:20473 | 118s ETA 2.0min
  Day 336/672: 20241127 🟡YELLOW max1 PR:32%(20d:32%/10d:9%) | picks:46 L1avg:22 cache:20561 | 119s ETA 2.0min
  Day 346/672: 20241211 🟢GREEN max3 PR:46%(20d:26%/10d:46%) | picks:53 L1avg:64 cache:21196 | 125s ETA 2.0min
  Day 381/672: 20250207 🟢GREEN max3 PR:40%(20d:40%/10d:37%) | picks:74 L1avg:201 cache:24891 | 146s ETA 1.9min
  Day 386/672: 20250214 🟢GREEN max3 PR:54%(20d:54%/10d:41%) | picks:80 L1avg:431 cache:27895 | 162s ETA 2.0min
  Day 391/672: 20250221 🟢GREEN max3 PR:52%(20d:52%/10d:34%) | picks:86 L1avg:514 cache:30029 | 174s ETA 2.1min
  Day 396/672: 20250228 🟢GREEN max3 PR:45%(20d:45%/10d:22%) | picks:92 L1avg:400 cache:31892 | 184s ETA 2.1min
  Day 401/672: 20250307 🟢GREEN max3 PR:40%(20d:40%/10d:22%) | picks:99 L1avg:361 cache:33643 | 194s ETA 2.2min
  Day 406/672: 20250314 🟢GREEN max3 PR:41%(20d:41%/10d:38%) | picks:100 L1avg:286 cache:34748 | 201s ETA 2.2min
  Day 431/672: 20250421 🟢GREEN max3 PR:63%(20d:13%/10d:63%) | picks:106 L1avg:0 cache:35224 | 205s ETA 1.9min
  Day 441/672: 20250508 🟢GREEN max3 PR:76%(20d:76%/10d:35%) | picks:114 L1avg:227 cache:37494 | 217s ETA 1.9min
  Day 446/672: 20250515 🟡YELLOW max1 PR:33%(20d:33%/10d:33%) | picks:124 L1avg:542 cache:41467 | 237s ETA 2.0min
  Day 451/672: 20250522 🟡YELLOW max1 PR:31%(20d:31%/10d:11%) | picks:129 L1avg:636 cache:43859 | 250s ETA 2.0min
  Day 456/672: 20250529 🟢GREEN max3 PR:37%(20d:37%/10d:15%) | picks:130 L1avg:276 cache:44226 | 252s ETA 2.0min
  Day 481/672: 20250704 🟢GREEN max3 PR:40%(20d:26%/10d:40%) | picks:142 L1avg:206 cache:47024 | 268s ETA 1.8min
  Day 486/672: 20250711 🟢GREEN max3 PR:43%(20d:43%/10d:23%) | picks:148 L1avg:261 cache:48394 | 276s ETA 1.8min
  Day 491/672: 20250718 🟢GREEN max3 PR:63%(20d:63%/10d:27%) | picks:160 L1avg:268 cache:49702 | 284s ETA 1.7min
  Day 496/672: 20250725 🟢GREEN max3 PR:50%(20d:50%/10d:30%) | picks:173 L1avg:273 cache:51123 | 292s ETA 1.7min
  Day 501/672: 20250801 🟢GREEN max3 PR:38%(20d:38%/10d:20%) | picks:186 L1avg:266 cache:52360 | 300s ETA 1.7min
  Day 506/672: 20250808 🟢GREEN max3 PR:40%(20d:40%/10d:18%) | picks:196 L1avg:210 cache:53228 | 306s ETA 1.7min
  Day 511/672: 20250815 🟢GREEN max3 PR:45%(20d:45%/10d:39%) | picks:211 L1avg:181 cache:54170 | 312s ETA 1.6min
  Day 516/672: 20250822 🟢GREEN max3 PR:49%(20d:49%/10d:46%) | picks:226 L1avg:217 cache:55400 | 320s ETA 1.6min
  Day 521/672: 20250829 🟢GREEN max3 PR:56%(20d:56%/10d:33%) | picks:241 L1avg:237 cache:56536 | 327s ETA 1.6min
  Day 526/672: 20250905 🟢GREEN max3 PR:39%(20d:39%/10d:18%) | picks:250 L1avg:198 cache:57377 | 332s ETA 1.5min
  Day 531/672: 20250912 🟢GREEN max3 PR:38%(20d:38%/10d:19%) | picks:255 L1avg:173 cache:58264 | 338s ETA 1.5min
  Day 546/672: 20251013 🟡YELLOW max1 PR:32%(20d:32%/10d:23%) | picks:266 L1avg:18 cache:59083 | 344s ETA 1.3min
  Day 561/672: 20251103 🟡YELLOW max1 PR:33%(20d:30%/10d:33%) | picks:269 L1avg:100 cache:60251 | 351s ETA 1.2min
  Day 571/672: 20251117 🟢GREEN max3 PR:36%(20d:36%/10d:18%) | picks:275 L1avg:199 cache:62241 | 362s ETA 1.1min
  Day 596/672: 20251222 🟡YELLOW max1 PR:32%(20d:32%/10d:16%) | picks:279 L1avg:45 cache:63495 | 369s ETA 0.8min
  Day 606/672: 20260107 🟢GREEN max3 PR:41%(20d:38%/10d:41%) | picks:288 L1avg:359 cache:67084 | 388s ETA 0.7min
  Day 611/672: 20260114 🟢GREEN max3 PR:60%(20d:60%/10d:47%) | picks:296 L1avg:421 cache:69338 | 401s ETA 0.7min
  Day 616/672: 20260121 🟢GREEN max3 PR:58%(20d:58%/10d:35%) | picks:308 L1avg:393 cache:71018 | 410s ETA 0.6min
  Day 621/672: 20260128 🟢GREEN max3 PR:53%(20d:53%/10d:29%) | picks:318 L1avg:356 cache:72896 | 421s ETA 0.6min
  Day 626/672: 20260204 🟡YELLOW max1 PR:34%(20d:34%/10d:18%) | picks:320 L1avg:308 cache:74099 | 428s ETA 0.5min
  Day 666/672: 20260410 🟡YELLOW max1 PR:32%(20d:11%/10d:32%) | picks:324 L1avg:23 cache:75315 | 436s ETA 0.1min
  Day 671/672: 20260417 🟢GREEN max3 PR:43%(20d:28%/10d:43%) | picks:325 L1avg:137 cache:76452 | 443s ETA 0.0min

  ✅ Screening done in 447s (7.5min)
  Total signals (score≥60): 1884
  Total picks (≥6🟢, ≤3/day): 325
  📦 Chip cache entries: 77315 (reused across 672 days)

  📊 Market Stage Filter Summary:
    🟢 GREEN: 225 days
    🟡 YELLOW: 43 days
    🟠 ORANGE: 0 days
    🔴 RED: 404 days
    Skipped (RED): 404 days
    Reduced picks: 43 days

[4/5] Simulating 325 trades...
  Simulated 20/325 trades...
  Simulated 40/325 trades...
  Simulated 60/325 trades...
  Simulated 80/325 trades...
  Simulated 100/325 trades...
  Simulated 120/325 trades...
  Simulated 140/325 trades...
  Simulated 160/325 trades...
  Simulated 180/325 trades...
  Simulated 200/325 trades...
  Simulated 220/325 trades...
  Simulated 240/325 trades...
  Simulated 260/325 trades...
  Simulated 280/325 trades...
  Simulated 300/325 trades...
  Simulated 320/325 trades...
  ✅ Simulation done in 0.1s — 115 valid trades

================================================================================
  📊 BACKTEST RESULTS — Signal Mode (Independent Trades)
================================================================================

────────────────────────────────────────────────────────────
  📡 Signal Statistics
────────────────────────────────────────────────────────────
  Signal period: 20230711 ~ 20260420 (672 days)
  Total signals (score≥60): 1884
  Strong signals (score≥75): 1712
  Unique stocks signaled: 626
  Average signal score: 94.2
  Signals by month:
    2023-09: 35 signals
    2023-11: 55 signals
    2024-02: 3 signals
    2024-03: 2 signals
    2024-04: 13 signals
    2024-05: 95 signals
    2024-08: 3 signals
    2024-09: 13 signals
    2024-11: 6 signals
    2024-12: 86 signals
    2025-01: 22 signals
    2025-02: 120 signals
    2025-03: 62 signals
    2025-04: 7 signals
    2025-05: 132 signals
    2025-06: 46 signals
    2025-07: 295 signals
    2025-08: 335 signals
    2025-09: 98 signals
    2025-10: 63 signals
    2025-11: 96 signals
    2025-12: 59 signals
    2026-01: 182 signals
    2026-02: 20 signals
    2026-03: 13 signals
    2026-04: 23 signals

────────────────────────────────────────────────────────────
  💰 Trade Statistics
────────────────────────────────────────────────────────────
  Total trades: 115

  ┌──────────────────────────────────────────────────┐
  │  Trades:            115                          │
  │  Win rate:         45.2% (52W / 63L)        │
  │  Avg win:        ¥   3,507 (+8.92%)       │
  │  Avg loss:       ¥  -2,234 (-5.68%)       │
  │  Win/Loss ratio:     1.57:1                     │
  │  Profit factor:      1.30                       │
  │  Avg P&L/trade:  ¥     362 (+0.92%)       │
  │  Total P&L:      ¥  41,652                       │
  └──────────────────────────────────────────────────┘

  Holding period: avg=15.3d median=15d max=54d min=2d

────────────────────────────────────────────────────────────
  🚪 Exit Reason Breakdown
────────────────────────────────────────────────────────────
  横盘出场                :  53笔 胜率  43% 平均¥    -143 合计¥    -7,569
  硬止损-9%              :  33笔 胜率   0% 平均¥  -3,644 合计¥  -120,255
  MA追踪出场              :  29笔 胜率 100% 平均¥  +5,844 合计¥  +169,476

────────────────────────────────────────────────────────────
  📈 Partial Sell Analysis (+15% triggered)
────────────────────────────────────────────────────────────
  Reached +15%: 29 (25%) avg P&L ¥5,844
  Never +15%:   86 (75%) avg P&L ¥-1,486

────────────────────────────────────────────────────────────
  📊 Performance by Score Band
────────────────────────────────────────────────────────────
  Score 75-80:   2笔 胜率   0% 平均¥    -920 (-2.34%)
  Score 80-100:  23笔 胜率  52% 平均¥    +817 (+2.15%)

────────────────────────────────────────────────────────────
  🟢 Performance by Green Dimension Count (全绿优先选股)
────────────────────────────────────────────────────────────
   7绿:  41笔 胜率  54% 平均¥  +1,201 (+3.04%) 合计¥   +49,254
   6绿:  74笔 胜率  41% 平均¥    -103 (-0.25%) 合计¥    -7,602

────────────────────────────────────────────────────────────
  🏆 Top 10 Best Trades
────────────────────────────────────────────────────────────
   1. 002276.SZ score=119 7🟢 20250217→20250317 ¥ +22,164(+56.3%) 20d MA10追踪出场
   2. 600111.SH score=106 7🟢 20250708→20250801 ¥ +14,161(+35.5%) 18d MA10追踪出场
   3. 600111.SH score=123 7🟢 20250630→20250801 ¥ +14,151(+35.4%) 24d MA10追踪出场
   4. 600895.SH score=92 6🟢 20250716→20250814 ¥  +9,870(+25.5%) 21d MA10追踪出场
   5. 688222.SH score=96 6🟢 20260105→20260119 ¥  +8,588(+21.8%) 10d MA10追踪出场
   6. 000338.SZ score=117 7🟢 20260109→20260202 ¥  +7,526(+19.5%) 16d MA10追踪出场
   7. 000676.SZ score=111 7🟢 20250818→20250903 ¥  +6,811(+17.3%) 12d MA10追踪出场
   8. 600050.SH score=95 6🟢 20250210→20250227 ¥  +6,586(+16.5%) 13d MA10追踪出场
   9. 300398.SZ score=98 6🟢 20250728→20250826 ¥  +6,042(+15.8%) 21d MA10追踪出场
  10. 300323.SZ score=108 6🟢 20250815→20250829 ¥  +5,513(+14.0%) 10d MA10追踪出场

────────────────────────────────────────────────────────────
  💀 Top 10 Worst Trades
────────────────────────────────────────────────────────────
   1. 300304.SZ score=107 6🟢 20250219→20250228 ¥  -3,684( -9.3%) 7d 硬止损-9%
   2. 002612.SZ score=94 6🟢 20260121→20260128 ¥  -3,686( -9.3%) 5d 硬止损-9%
   3. 301179.SZ score=118 6🟢 20251010→20251017 ¥  -3,690( -9.3%) 5d 硬止损-9%
   4. 002630.SZ score=107 6🟢 20240509→20240603 ¥  -3,691( -9.3%) 17d 硬止损-9%
   5. 000061.SZ score=111 7🟢 20260114→20260212 ¥  -3,694( -9.3%) 21d 硬止损-9%
   6. 301571.SZ score=106 6🟢 20250818→20250904 ¥  -3,702( -9.3%) 13d 硬止损-9%
   7. 002093.SZ score=114 7🟢 20250826→20250902 ¥  -3,702( -9.3%) 5d 硬止损-9%
   8. 603738.SH score=126 7🟢 20250818→20250904 ¥  -3,703( -9.3%) 13d 硬止损-9%
   9. 300541.SZ score=100 7🟢 20250815→20250909 ¥  -3,704( -9.3%) 17d 硬止损-9%
  10. 601528.SH score=89 6🟢 20240516→20240617 ¥  -3,707( -9.3%) 21d 硬止损-9%

────────────────────────────────────────────────────────────
  📅 Monthly P&L
────────────────────────────────────────────────────────────
  2023-12: ¥    +1,369 |   4笔 | 胜率50%
  2024-06: ¥   -15,825 |   5笔 | 胜率0%
  2024-10: ¥    +8,343 |   2笔 | 胜率100%
  2024-11: ¥      -475 |   2笔 | 胜率50%
  2024-12: ¥    -5,524 |   3笔 | 胜率0%
  2025-01: ¥    -4,840 |   2笔 | 胜率0%
  2025-02: ¥      -552 |   3笔 | 胜率33%
  2025-03: ¥   +13,164 |  10笔 | 胜率30%
  2025-04: ¥    -3,679 |   1笔 | 胜率0%
  2025-05: ¥    +1,950 |   2笔 | 胜率100%
  2025-06: ¥    -6,364 |   6笔 | 胜率0%
  2025-07: ¥    +1,553 |   7笔 | 胜率43%
  2025-08: ¥   +63,685 |  19笔 | 胜率74%
  2025-09: ¥   -27,508 |  25笔 | 胜率36%
  2025-10: ¥      +393 |   5笔 | 胜率40%
  2025-11: ¥    +1,599 |   4笔 | 胜率75%
  2026-01: ¥   +13,163 |   6笔 | 胜率83%
  2026-02: ¥    +4,807 |   8笔 | 胜率62%
  2026-03: ¥    -3,606 |   1笔 | 胜率0%

────────────────────────────────────────────────────────────
  📏 Sample Size Assessment
────────────────────────────────────────────────────────────
  ✅ 115 trades — statistically significant (≥100)

================================================================================
  🎯 VERDICT
================================================================================
  Trades:             115
  Win rate:           45.2%
  Win/Loss ratio:     1.57:1
  Expectancy/trade:   ¥362 (+0.92%)
  Profit factor:      1.30

  ✅ POSITIVE EDGE DETECTED
     🤏 Weak edge: 45% WR × 1.6:1 R/R
================================================================================

  💾 Trades: /Users/yuting/trading/results/bt_trades_20260421_081342.csv
  💾 Signals: /Users/yuting/trading/results/bt_signals_20260421_081342.csv
