============================================================
  🚀 A股历史数据批量下载器
============================================================
  目标天数: 750 交易日 (≈3.0年)
  每批调用: 70 次
  断点续传: 开启

  截止日期: 20260421
  [CACHE] 已加载现有缓存: 2543 只股票

[1/4] 解析股票池...
  ⚠️  未找到 5 只股票的代码
  股票池: 2661 只
  缓存额外: 3 只
  合计: 2664 只股票需检查

[2/4] 下载计划:
  需要下载: 2664 只
  已有足够数据: 0 只
  断点跳过: 0 只
  预估批次: 39 批
  预估时间: ~52 分钟

[3/4] 开始下载... (Ctrl+C 安全中断)
    📥 进度: 10/2664 | 成功: 10 | 失败: 0 | 速度: 147只/分 | 用时: 0.1分
    📥 进度: 20/2664 | 成功: 20 | 失败: 0 | 速度: 145只/分 | 用时: 0.1分
    📥 进度: 30/2664 | 成功: 30 | 失败: 0 | 速度: 146只/分 | 用时: 0.2分
    📥 进度: 40/2664 | 成功: 40 | 失败: 0 | 速度: 144只/分 | 用时: 0.3分
    📥 进度: 50/2664 | 成功: 50 | 失败: 0 | 速度: 144只/分 | 用时: 0.3分
    📥 进度: 60/2664 | 成功: 60 | 失败: 0 | 速度: 144只/分 | 用时: 0.4分
    📥 进度: 70/2664 | 成功: 70 | 失败: 0 | 速度: 143只/分 | 用时: 0.5分
    ⏸️  第1批完成，休息63s...
  [CACHE] 已保存 2546 只股票到 /Users/yuting/trading/cache/chip_pool_history.pkl
    📥 进度: 80/2664 | 成功: 80 | 失败: 0 | 速度: 50只/分 | 用时: 1.6分
    📥 进度: 90/2664 | 成功: 90 | 失败: 0 | 速度: 54只/分 | 用时: 1.7分
    📥 进度: 100/2664 | 成功: 100 | 失败: 0 | 速度: 57只/分 | 用时: 1.7分
    📥 进度: 110/2664 | 成功: 110 | 失败: 0 | 速度: 61只/分 | 用时: 1.8分
    📥 进度: 120/2664 | 成功: 120 | 失败: 0 | 速度: 64只/分 | 用时: 1.9分
    📥 进度: 130/2664 | 成功: 130 | 失败: 0 | 速度: 66只/分 | 用时: 2.0分
    📥 进度: 140/2664 | 成功: 140 | 失败: 0 | 速度: 69只/分 | 用时: 2.0分
    ⏸️  第2批完成，休息63s...
  [CACHE] 已保存 2553 只股票到 /Users/yuting/trading/cache/chip_pool_history.pkl
    📥 进度: 150/2664 | 成功: 150 | 失败: 0 | 速度: 47只/分 | 用时: 3.2分
    📥 进度: 160/2664 | 成功: 160 | 失败: 0 | 速度: 49只/分 | 用时: 3.3分
    📥 进度: 170/2664 | 成功: 170 | 失败: 0 | 速度: 51只/分 | 用时: 3.3分
    📥 进度: 180/2664 | 成功: 180 | 失败: 0 | 速度: 53只/分 | 用时: 3.4分
    📥 进度: 190/2664 | 成功: 190 | 失败: 0 | 速度: 55只/分 | 用时: 3.5分
    📥 进度: 200/2664 | 成功: 200 | 失败: 0 | 速度: 56只/分 | 用时: 3.5分
    📥 进度: 210/2664 | 成功: 210 | 失败: 0 | 速度: 58只/分 | 用时: 3.6分
    ⏸️  第3批完成，休息63s...
  [CACHE] 已保存 2555 只股票到 /Users/yuting/trading/cache/chip_pool_history.pkl
    📥 进度: 220/2664 | 成功: 220 | 失败: 0 | 速度: 46只/分 | 用时: 4.7分
    📥 进度: 230/2664 | 成功: 230 | 失败: 0 | 速度: 48只/分 | 用时: 4.8分
    📥 进度: 240/2664 | 成功: 240 | 失败: 0 | 速度: 49只/分 | 用时: 4.9分
    📥 进度: 250/2664 | 成功: 250 | 失败: 0 | 速度: 51只/分 | 用时: 4.9分
    📥 进度: 260/2664 | 成功: 260 | 失败: 0 | 速度: 52只/分 | 用时: 5.0分
    📥 进度: 270/2664 | 成功: 270 | 失败: 0 | 速度: 53只/分 | 用时: 5.1分
    📥 进度: 280/2664 | 成功: 280 | 失败: 0 | 速度: 54只/分 | 用时: 5.2分
    ⏸️  第4批完成，休息63s...
  [CACHE] 已保存 2556 只股票到 /Users/yuting/trading/cache/chip_pool_history.pkl
    📥 进度: 290/2664 | 成功: 290 | 失败: 0 | 速度: 46只/分 | 用时: 6.3分
    📥 进度: 300/2664 | 成功: 300 | 失败: 0 | 速度: 47只/分 | 用时: 6.4分
    📥 进度: 310/2664 | 成功: 310 | 失败: 0 | 速度: 48只/分 | 用时: 6.4分
    📥 进度: 320/2664 | 成功: 320 | 失败: 0 | 速度: 49只/分 | 用时: 6.5分
    📥 进度: 330/2664 | 成功: 330 | 失败: 0 | 速度: 50只/分 | 用时: 6.6分
    📥 进度: 340/2664 | 成功: 340 | 失败: 0 | 速度: 51只/分 | 用时: 6.6分
    📥 进度: 350/2664 | 成功: 350 | 失败: 0 | 速度: 52只/分 | 用时: 6.7分
    ⏸️  第5批完成，休息63s...
  [CACHE] 已保存 2560 只股票到 /Users/yuting/trading/cache/chip_pool_history.pkl
    📥 进度: 360/2664 | 成功: 360 | 失败: 0 | 速度: 46只/分 | 用时: 7.8分
    📥 进度: 370/2664 | 成功: 370 | 失败: 0 | 速度: 47只/分 | 用时: 7.9分
    📥 进度: 380/2664 | 成功: 380 | 失败: 0 | 速度: 48只/分 | 用时: 8.0分
    📥 进度: 390/2664 | 成功: 390 | 失败: 0 | 速度: 49只/分 | 用时: 8.0分
    📥 进度: 400/2664 | 成功: 400 | 失败: 0 | 速度: 49只/分 | 用时: 8.1分
    📥 进度: 410/2664 | 成功: 410 | 失败: 0 | 速度: 50只/分 | 用时: 8.2分
    📥 进度: 420/2664 | 成功: 420 | 失败: 0 | 速度: 51只/分 | 用时: 8.2分
    ⏸️  第6批完成，休息63s...
  [CACHE] 已保存 2562 只股票到 /Users/yuting/trading/cache/chip_pool_history.pkl
    📥 进度: 430/2664 | 成功: 430 | 失败: 0 | 速度: 46只/分 | 用时: 9.4分
    📥 进度: 440/2664 | 成功: 440 | 失败: 0 | 速度: 47只/分 | 用时: 9.4分
    📥 进度: 450/2664 | 成功: 450 | 失败: 0 | 速度: 47只/分 | 用时: 9.6分
    📥 进度: 460/2664 | 成功: 460 | 失败: 0 | 速度: 48只/分 | 用时: 9.6分
    📥 进度: 470/2664 | 成功: 470 | 失败: 0 | 速度: 48只/分 | 用时: 9.7分
    📥 进度: 480/2664 | 成功: 480 | 失败: 0 | 速度: 49只/分 | 用时: 9.8分
    📥 进度: 490/2664 | 成功: 490 | 失败: 0 | 速度: 50只/分 | 用时: 9.9分
    ⏸️  第7批完成，休息63s...
  [CACHE] 已保存 2564 只股票到 /Users/yuting/trading/cache/chip_pool_history.pkl
    📥 进度: 500/2664 | 成功: 500 | 失败: 0 | 速度: 46只/分 | 用时: 11.0分
    📥 进度: 510/2664 | 成功: 510 | 失败: 0 | 速度: 46只/分 | 用时: 11.1分
    📥 进度: 520/2664 | 成功: 520 | 失败: 0 | 速度: 47只/分 | 用时: 11.1分
    📥 进度: 530/2664 | 成功: 530 | 失败: 0 | 速度: 47只/分 | 用时: 11.2分
    📥 进度: 540/2664 | 成功: 540 | 失败: 0 | 速度: 48只/分 | 用时: 11.3分
    📥 进度: 550/2664 | 成功: 550 | 失败: 0 | 速度: 49只/分 | 用时: 11.3分
    📥 进度: 560/2664 | 成功: 560 | 失败: 0 | 速度: 49只/分 | 用时: 11.4分
    ⏸️  第8批完成，休息63s...
  [CACHE] 已保存 2568 只股票到 /Users/yuting/trading/cache/chip_pool_history.pkl
    📥 进度: 570/2664 | 成功: 570 | 失败: 0 | 速度: 46只/分 | 用时: 12.5分
    📥 进度: 580/2664 | 成功: 580 | 失败: 0 | 速度: 46只/分 | 用时: 12.6分
    📥 进度: 590/2664 | 成功: 590 | 失败: 0 | 速度: 47只/分 | 用时: 12.7分
    📥 进度: 600/2664 | 成功: 600 | 失败: 0 | 速度: 47只/分 | 用时: 12.7分
    📥 进度: 610/2664 | 成功: 610 | 失败: 0 | 速度: 48只/分 | 用时: 12.8分
    📥 进度: 620/2664 | 成功: 620 | 失败: 0 | 速度: 48只/分 | 用时: 12.9分
    📥 进度: 630/2664 | 成功: 630 | 失败: 0 | 速度: 49只/分 | 用时: 12.9分
    ⏸️  第9批完成，休息63s...
  [CACHE] 已保存 2570 只股票到 /Users/yuting/trading/cache/chip_pool_history.pkl
    📥 进度: 640/2664 | 成功: 640 | 失败: 0 | 速度: 46只/分 | 用时: 14.1分
    📥 进度: 650/2664 | 成功: 650 | 失败: 0 | 速度: 46只/分 | 用时: 14.1分
    📥 进度: 660/2664 | 成功: 660 | 失败: 0 | 速度: 46只/分 | 用时: 14.2分
    📥 进度: 670/2664 | 成功: 670 | 失败: 0 | 速度: 47只/分 | 用时: 14.3分
    📥 进度: 680/2664 | 成功: 680 | 失败: 0 | 速度: 47只/分 | 用时: 14.3分
    📥 进度: 690/2664 | 成功: 690 | 失败: 0 | 速度: 48只/分 | 用时: 14.4分
    📥 进度: 700/2664 | 成功: 700 | 失败: 0 | 速度: 48只/分 | 用时: 14.5分
    ⏸️  第10批完成，休息63s...
  [CACHE] 已保存 2573 只股票到 /Users/yuting/trading/cache/chip_pool_history.pkl
    📥 进度: 710/2664 | 成功: 710 | 失败: 0 | 速度: 46只/分 | 用时: 15.6分
    📥 进度: 720/2664 | 成功: 720 | 失败: 0 | 速度: 46只/分 | 用时: 15.7分
    📥 进度: 730/2664 | 成功: 730 | 失败: 0 | 速度: 46只/分 | 用时: 15.7分
    📥 进度: 740/2664 | 成功: 740 | 失败: 0 | 速度: 47只/分 | 用时: 15.8分
    📥 进度: 750/2664 | 成功: 750 | 失败: 0 | 速度: 47只/分 | 用时: 15.9分
    📥 进度: 760/2664 | 成功: 760 | 失败: 0 | 速度: 48只/分 | 用时: 16.0分
    📥 进度: 770/2664 | 成功: 770 | 失败: 0 | 速度: 48只/分 | 用时: 16.0分
    ⏸️  第11批完成，休息63s...
  [CACHE] 已保存 2579 只股票到 /Users/yuting/trading/cache/chip_pool_history.pkl
    📥 进度: 780/2664 | 成功: 780 | 失败: 0 | 速度: 45只/分 | 用时: 17.1分
    📥 进度: 790/2664 | 成功: 790 | 失败: 0 | 速度: 46只/分 | 用时: 17.2分
    📥 进度: 800/2664 | 成功: 800 | 失败: 0 | 速度: 46只/分 | 用时: 17.3分
    📥 进度: 810/2664 | 成功: 810 | 失败: 0 | 速度: 47只/分 | 用时: 17.4分
    📥 进度: 820/2664 | 成功: 820 | 失败: 0 | 速度: 47只/分 | 用时: 17.4分
    📥 进度: 830/2664 | 成功: 830 | 失败: 0 | 速度: 47只/分 | 用时: 17.5分
    📥 进度: 840/2664 | 成功: 840 | 失败: 0 | 速度: 48只/分 | 用时: 17.6分
    ⏸️  第12批完成，休息63s...
  [CACHE] 已保存 2580 只股票到 /Users/yuting/trading/cache/chip_pool_history.pkl
    📥 进度: 850/2664 | 成功: 850 | 失败: 0 | 速度: 45只/分 | 用时: 18.7分
    📥 进度: 860/2664 | 成功: 860 | 失败: 0 | 速度: 46只/分 | 用时: 18.8分
    📥 进度: 870/2664 | 成功: 870 | 失败: 0 | 速度: 46只/分 | 用时: 18.8分
    📥 进度: 880/2664 | 成功: 880 | 失败: 0 | 速度: 47只/分 | 用时: 18.9分
    📥 进度: 890/2664 | 成功: 890 | 失败: 0 | 速度: 47只/分 | 用时: 19.0分
    📥 进度: 900/2664 | 成功: 900 | 失败: 0 | 速度: 47只/分 | 用时: 19.0分
    📥 进度: 910/2664 | 成功: 910 | 失败: 0 | 速度: 48只/分 | 用时: 19.1分
    ⏸️  第13批完成，休息63s...
  [CACHE] 已保存 2584 只股票到 /Users/yuting/trading/cache/chip_pool_history.pkl
    📥 进度: 920/2664 | 成功: 920 | 失败: 0 | 速度: 45只/分 | 用时: 20.2分
    📥 进度: 930/2664 | 成功: 930 | 失败: 0 | 速度: 46只/分 | 用时: 20.3分
    📥 进度: 940/2664 | 成功: 940 | 失败: 0 | 速度: 46只/分 | 用时: 20.4分
    📥 进度: 950/2664 | 成功: 950 | 失败: 0 | 速度: 46只/分 | 用时: 20.4分
    📥 进度: 960/2664 | 成功: 960 | 失败: 0 | 速度: 47只/分 | 用时: 20.5分
    📥 进度: 970/2664 | 成功: 970 | 失败: 0 | 速度: 47只/分 | 用时: 20.6分
    📥 进度: 980/2664 | 成功: 980 | 失败: 0 | 速度: 47只/分 | 用时: 20.7分
    ⏸️  第14批完成，休息63s...
  [CACHE] 已保存 2592 只股票到 /Users/yuting/trading/cache/chip_pool_history.pkl
    📥 进度: 990/2664 | 成功: 990 | 失败: 0 | 速度: 45只/分 | 用时: 21.8分
    📥 进度: 1000/2664 | 成功: 1000 | 失败: 0 | 速度: 46只/分 | 用时: 21.8分
    📥 进度: 1010/2664 | 成功: 1010 | 失败: 0 | 速度: 46只/分 | 用时: 21.9分
    📥 进度: 1020/2664 | 成功: 1020 | 失败: 0 | 速度: 46只/分 | 用时: 22.0分
    📥 进度: 1030/2664 | 成功: 1030 | 失败: 0 | 速度: 47只/分 | 用时: 22.1分
    📥 进度: 1040/2664 | 成功: 1040 | 失败: 0 | 速度: 47只/分 | 用时: 22.1分
    📥 进度: 1050/2664 | 成功: 1050 | 失败: 0 | 速度: 47只/分 | 用时: 22.2分
    ⏸️  第15批完成，休息63s...
  [CACHE] 已保存 2593 只股票到 /Users/yuting/trading/cache/chip_pool_history.pkl
    📥 进度: 1060/2664 | 成功: 1060 | 失败: 0 | 速度: 45只/分 | 用时: 23.3分
    📥 进度: 1070/2664 | 成功: 1070 | 失败: 0 | 速度: 46只/分 | 用时: 23.4分
    📥 进度: 1080/2664 | 成功: 1080 | 失败: 0 | 速度: 46只/分 | 用时: 23.5分
    📥 进度: 1090/2664 | 成功: 1090 | 失败: 0 | 速度: 46只/分 | 用时: 23.5分
    📥 进度: 1100/2664 | 成功: 1100 | 失败: 0 | 速度: 47只/分 | 用时: 23.6分
    📥 进度: 1110/2664 | 成功: 1110 | 失败: 0 | 速度: 47只/分 | 用时: 23.7分
    📥 进度: 1120/2664 | 成功: 1120 | 失败: 0 | 速度: 47只/分 | 用时: 23.7分
    ⏸️  第16批完成，休息63s...
  [CACHE] 已保存 2596 只股票到 /Users/yuting/trading/cache/chip_pool_history.pkl
    📥 进度: 1130/2664 | 成功: 1130 | 失败: 0 | 速度: 45只/分 | 用时: 24.9分
    📥 进度: 1140/2664 | 成功: 1140 | 失败: 0 | 速度: 46只/分 | 用时: 24.9分
    📥 进度: 1150/2664 | 成功: 1150 | 失败: 0 | 速度: 46只/分 | 用时: 25.0分
    📥 进度: 1160/2664 | 成功: 1160 | 失败: 0 | 速度: 46只/分 | 用时: 25.1分
    📥 进度: 1170/2664 | 成功: 1170 | 失败: 0 | 速度: 47只/分 | 用时: 25.1分
    📥 进度: 1180/2664 | 成功: 1180 | 失败: 0 | 速度: 47只/分 | 用时: 25.2分
    📥 进度: 1190/2664 | 成功: 1190 | 失败: 0 | 速度: 47只/分 | 用时: 25.3分
    ⏸️  第17批完成，休息63s...
  [CACHE] 已保存 2603 只股票到 /Users/yuting/trading/cache/chip_pool_history.pkl
    📥 进度: 1200/2664 | 成功: 1200 | 失败: 0 | 速度: 45只/分 | 用时: 26.4分
    📥 进度: 1210/2664 | 成功: 1210 | 失败: 0 | 速度: 46只/分 | 用时: 26.5分
    📥 进度: 1220/2664 | 成功: 1220 | 失败: 0 | 速度: 46只/分 | 用时: 26.5分
    📥 进度: 1230/2664 | 成功: 1230 | 失败: 0 | 速度: 46只/分 | 用时: 26.6分
    📥 进度: 1240/2664 | 成功: 1240 | 失败: 0 | 速度: 46只/分 | 用时: 26.7分
    📥 进度: 1250/2664 | 成功: 1250 | 失败: 0 | 速度: 47只/分 | 用时: 26.7分
    📥 进度: 1260/2664 | 成功: 1260 | 失败: 0 | 速度: 47只/分 | 用时: 26.8分
    ⏸️  第18批完成，休息63s...
  [CACHE] 已保存 2604 只股票到 /Users/yuting/trading/cache/chip_pool_history.pkl
    📥 进度: 1270/2664 | 成功: 1270 | 失败: 0 | 速度: 45只/分 | 用时: 27.9分
    📥 进度: 1280/2664 | 成功: 1280 | 失败: 0 | 速度: 46只/分 | 用时: 28.0分
    📥 进度: 1290/2664 | 成功: 1290 | 失败: 0 | 速度: 46只/分 | 用时: 28.1分
    📥 进度: 1300/2664 | 成功: 1300 | 失败: 0 | 速度: 46只/分 | 用时: 28.1分
    📥 进度: 1310/2664 | 成功: 1310 | 失败: 0 | 速度: 46只/分 | 用时: 28.2分
    📥 进度: 1320/2664 | 成功: 1320 | 失败: 0 | 速度: 47只/分 | 用时: 28.3分
    📥 进度: 1330/2664 | 成功: 1330 | 失败: 0 | 速度: 47只/分 | 用时: 28.3分
    ⏸️  第19批完成，休息63s...
  [CACHE] 已保存 2605 只股票到 /Users/yuting/trading/cache/chip_pool_history.pkl
    📥 进度: 1340/2664 | 成功: 1340 | 失败: 0 | 速度: 45只/分 | 用时: 29.5分
    📥 进度: 1350/2664 | 成功: 1350 | 失败: 0 | 速度: 46只/分 | 用时: 29.5分
    📥 进度: 1360/2664 | 成功: 1360 | 失败: 0 | 速度: 46只/分 | 用时: 29.6分
    📥 进度: 1370/2664 | 成功: 1370 | 失败: 0 | 速度: 46只/分 | 用时: 29.7分
    📥 进度: 1380/2664 | 成功: 1380 | 失败: 0 | 速度: 46只/分 | 用时: 29.7分
    📥 进度: 1390/2664 | 成功: 1390 | 失败: 0 | 速度: 47只/分 | 用时: 29.8分
    📥 进度: 1400/2664 | 成功: 1400 | 失败: 0 | 速度: 47只/分 | 用时: 29.9分
    ⏸️  第20批完成，休息63s...
  [CACHE] 已保存 2606 只股票到 /Users/yuting/trading/cache/chip_pool_history.pkl
    📥 进度: 1410/2664 | 成功: 1410 | 失败: 0 | 速度: 45只/分 | 用时: 31.0分
    📥 进度: 1420/2664 | 成功: 1420 | 失败: 0 | 速度: 46只/分 | 用时: 31.1分
    📥 进度: 1430/2664 | 成功: 1430 | 失败: 0 | 速度: 46只/分 | 用时: 31.1分
    📥 进度: 1440/2664 | 成功: 1440 | 失败: 0 | 速度: 46只/分 | 用时: 31.2分
    📥 进度: 1450/2664 | 成功: 1450 | 失败: 0 | 速度: 46只/分 | 用时: 31.3分
    📥 进度: 1460/2664 | 成功: 1460 | 失败: 0 | 速度: 47只/分 | 用时: 31.4分
    📥 进度: 1470/2664 | 成功: 1470 | 失败: 0 | 速度: 47只/分 | 用时: 31.4分
    ⏸️  第21批完成，休息63s...
  [CACHE] 已保存 2613 只股票到 /Users/yuting/trading/cache/chip_pool_history.pkl
    📥 进度: 1480/2664 | 成功: 1480 | 失败: 0 | 速度: 45只/分 | 用时: 32.5分
    📥 进度: 1490/2664 | 成功: 1490 | 失败: 0 | 速度: 46只/分 | 用时: 32.6分
    📥 进度: 1500/2664 | 成功: 1500 | 失败: 0 | 速度: 46只/分 | 用时: 32.7分
    📥 进度: 1510/2664 | 成功: 1510 | 失败: 0 | 速度: 46只/分 | 用时: 32.7分
    📥 进度: 1520/2664 | 成功: 1520 | 失败: 0 | 速度: 46只/分 | 用时: 32.8分
    📥 进度: 1530/2664 | 成功: 1530 | 失败: 0 | 速度: 47只/分 | 用时: 32.9分
    📥 进度: 1540/2664 | 成功: 1540 | 失败: 0 | 速度: 47只/分 | 用时: 33.0分
    ⏸️  第22批完成，休息63s...
  [CACHE] 已保存 2613 只股票到 /Users/yuting/trading/cache/chip_pool_history.pkl
    📥 进度: 1550/2664 | 成功: 1550 | 失败: 0 | 速度: 45只/分 | 用时: 34.1分
    📥 进度: 1560/2664 | 成功: 1560 | 失败: 0 | 速度: 46只/分 | 用时: 34.2分
    📥 进度: 1570/2664 | 成功: 1570 | 失败: 0 | 速度: 46只/分 | 用时: 34.3分
    📥 进度: 1580/2664 | 成功: 1580 | 失败: 0 | 速度: 46只/分 | 用时: 34.3分
    📥 进度: 1590/2664 | 成功: 1590 | 失败: 0 | 速度: 46只/分 | 用时: 34.4分
    📥 进度: 1600/2664 | 成功: 1600 | 失败: 0 | 速度: 46只/分 | 用时: 34.5分
    📥 进度: 1610/2664 | 成功: 1610 | 失败: 0 | 速度: 47只/分 | 用时: 34.5分
    ⏸️  第23批完成，休息63s...
  [CACHE] 已保存 2615 只股票到 /Users/yuting/trading/cache/chip_pool_history.pkl
    📥 进度: 1620/2664 | 成功: 1620 | 失败: 0 | 速度: 45只/分 | 用时: 35.8分
    📥 进度: 1630/2664 | 成功: 1630 | 失败: 0 | 速度: 45只/分 | 用时: 36.0分
    📥 进度: 1640/2664 | 成功: 1640 | 失败: 0 | 速度: 45只/分 | 用时: 36.1分
    📥 进度: 1650/2664 | 成功: 1650 | 失败: 0 | 速度: 45只/分 | 用时: 36.4分
    📥 进度: 1660/2664 | 成功: 1660 | 失败: 0 | 速度: 46只/分 | 用时: 36.4分
    📥 进度: 1670/2664 | 成功: 1670 | 失败: 0 | 速度: 46只/分 | 用时: 36.5分
    📥 进度: 1680/2664 | 成功: 1680 | 失败: 0 | 速度: 46只/分 | 用时: 36.6分
    ⏸️  第24批完成，休息63s...
  [CACHE] 已保存 2618 只股票到 /Users/yuting/trading/cache/chip_pool_history.pkl
    📥 进度: 1690/2664 | 成功: 1690 | 失败: 0 | 速度: 45只/分 | 用时: 37.7分
    📥 进度: 1700/2664 | 成功: 1700 | 失败: 0 | 速度: 45只/分 | 用时: 37.8分
    📥 进度: 1710/2664 | 成功: 1710 | 失败: 0 | 速度: 45只/分 | 用时: 37.8分
    📥 进度: 1720/2664 | 成功: 1720 | 失败: 0 | 速度: 45只/分 | 用时: 37.9分
    📥 进度: 1730/2664 | 成功: 1730 | 失败: 0 | 速度: 46只/分 | 用时: 38.0分
    📥 进度: 1740/2664 | 成功: 1740 | 失败: 0 | 速度: 46只/分 | 用时: 38.1分
    📥 进度: 1750/2664 | 成功: 1750 | 失败: 0 | 速度: 46只/分 | 用时: 38.1分
    ⏸️  第25批完成，休息63s...
  [CACHE] 已保存 2620 只股票到 /Users/yuting/trading/cache/chip_pool_history.pkl
    📥 进度: 1760/2664 | 成功: 1760 | 失败: 0 | 速度: 45只/分 | 用时: 39.3分
    📥 进度: 1770/2664 | 成功: 1770 | 失败: 0 | 速度: 45只/分 | 用时: 39.3分
    📥 进度: 1780/2664 | 成功: 1780 | 失败: 0 | 速度: 45只/分 | 用时: 39.4分
    📥 进度: 1790/2664 | 成功: 1790 | 失败: 0 | 速度: 45只/分 | 用时: 39.7分
    📥 进度: 1800/2664 | 成功: 1800 | 失败: 0 | 速度: 45只/分 | 用时: 39.8分
    📥 进度: 1810/2664 | 成功: 1810 | 失败: 0 | 速度: 45只/分 | 用时: 39.9分
    📥 进度: 1820/2664 | 成功: 1820 | 失败: 0 | 速度: 46只/分 | 用时: 39.9分
    ⏸️  第26批完成，休息63s...
  [CACHE] 已保存 2624 只股票到 /Users/yuting/trading/cache/chip_pool_history.pkl
    📥 进度: 1830/2664 | 成功: 1830 | 失败: 0 | 速度: 45只/分 | 用时: 41.1分
    📥 进度: 1840/2664 | 成功: 1840 | 失败: 0 | 速度: 45只/分 | 用时: 41.1分
    📥 进度: 1850/2664 | 成功: 1850 | 失败: 0 | 速度: 45只/分 | 用时: 41.2分
    📥 进度: 1860/2664 | 成功: 1860 | 失败: 0 | 速度: 45只/分 | 用时: 41.3分
    📥 进度: 1870/2664 | 成功: 1870 | 失败: 0 | 速度: 45只/分 | 用时: 41.4分
    📥 进度: 1880/2664 | 成功: 1880 | 失败: 0 | 速度: 45只/分 | 用时: 41.4分
    📥 进度: 1890/2664 | 成功: 1890 | 失败: 0 | 速度: 46只/分 | 用时: 41.5分
    ⏸️  第27批完成，休息63s...
  [CACHE] 已保存 2627 只股票到 /Users/yuting/trading/cache/chip_pool_history.pkl
    📥 进度: 1900/2664 | 成功: 1900 | 失败: 0 | 速度: 45只/分 | 用时: 42.6分
    📥 进度: 1910/2664 | 成功: 1910 | 失败: 0 | 速度: 45只/分 | 用时: 42.7分
    📥 进度: 1920/2664 | 成功: 1920 | 失败: 0 | 速度: 45只/分 | 用时: 42.7分
    📥 进度: 1930/2664 | 成功: 1930 | 失败: 0 | 速度: 45只/分 | 用时: 42.8分
    📥 进度: 1940/2664 | 成功: 1940 | 失败: 0 | 速度: 45只/分 | 用时: 42.9分
    📥 进度: 1950/2664 | 成功: 1950 | 失败: 0 | 速度: 45只/分 | 用时: 43.0分
    📥 进度: 1960/2664 | 成功: 1960 | 失败: 0 | 速度: 46只/分 | 用时: 43.0分
    ⏸️  第28批完成，休息63s...
  [CACHE] 已保存 2629 只股票到 /Users/yuting/trading/cache/chip_pool_history.pkl
    📥 进度: 1970/2664 | 成功: 1970 | 失败: 0 | 速度: 45只/分 | 用时: 44.1分
    📥 进度: 1980/2664 | 成功: 1980 | 失败: 0 | 速度: 45只/分 | 用时: 44.2分
    📥 进度: 1990/2664 | 成功: 1990 | 失败: 0 | 速度: 45只/分 | 用时: 44.3分
    📥 进度: 2000/2664 | 成功: 2000 | 失败: 0 | 速度: 45只/分 | 用时: 44.4分
    📥 进度: 2010/2664 | 成功: 2010 | 失败: 0 | 速度: 45只/分 | 用时: 44.4分
    📥 进度: 2020/2664 | 成功: 2020 | 失败: 0 | 速度: 45只/分 | 用时: 44.5分
    📥 进度: 2030/2664 | 成功: 2030 | 失败: 0 | 速度: 46只/分 | 用时: 44.6分
    ⏸️  第29批完成，休息63s...
  [CACHE] 已保存 2636 只股票到 /Users/yuting/trading/cache/chip_pool_history.pkl
    📥 进度: 2040/2664 | 成功: 2040 | 失败: 0 | 速度: 45只/分 | 用时: 45.7分
    📥 进度: 2050/2664 | 成功: 2050 | 失败: 0 | 速度: 45只/分 | 用时: 45.7分
    📥 进度: 2060/2664 | 成功: 2060 | 失败: 0 | 速度: 45只/分 | 用时: 45.8分
    📥 进度: 2070/2664 | 成功: 2070 | 失败: 0 | 速度: 45只/分 | 用时: 45.9分
    📥 进度: 2080/2664 | 成功: 2080 | 失败: 0 | 速度: 45只/分 | 用时: 46.0分
    📥 进度: 2090/2664 | 成功: 2090 | 失败: 0 | 速度: 45只/分 | 用时: 46.0分
    📥 进度: 2100/2664 | 成功: 2100 | 失败: 0 | 速度: 46只/分 | 用时: 46.1分
    ⏸️  第30批完成，休息63s...
  [CACHE] 已保存 2637 只股票到 /Users/yuting/trading/cache/chip_pool_history.pkl
    📥 进度: 2110/2664 | 成功: 2110 | 失败: 0 | 速度: 45只/分 | 用时: 47.2分
    📥 进度: 2120/2664 | 成功: 2120 | 失败: 0 | 速度: 45只/分 | 用时: 47.4分
    📥 进度: 2130/2664 | 成功: 2130 | 失败: 0 | 速度: 45只/分 | 用时: 47.5分
    📥 进度: 2140/2664 | 成功: 2140 | 失败: 0 | 速度: 45只/分 | 用时: 47.5分
    📥 进度: 2150/2664 | 成功: 2150 | 失败: 0 | 速度: 45只/分 | 用时: 47.6分
    📥 进度: 2160/2664 | 成功: 2160 | 失败: 0 | 速度: 45只/分 | 用时: 47.7分
    📥 进度: 2170/2664 | 成功: 2170 | 失败: 0 | 速度: 45只/分 | 用时: 47.8分
    ⏸️  第31批完成，休息63s...
  [CACHE] 已保存 2644 只股票到 /Users/yuting/trading/cache/chip_pool_history.pkl
    📥 进度: 2180/2664 | 成功: 2180 | 失败: 0 | 速度: 45只/分 | 用时: 48.9分
    📥 进度: 2190/2664 | 成功: 2190 | 失败: 0 | 速度: 45只/分 | 用时: 49.0分
    📥 进度: 2200/2664 | 成功: 2200 | 失败: 0 | 速度: 45只/分 | 用时: 49.1分
    📥 进度: 2210/2664 | 成功: 2210 | 失败: 0 | 速度: 45只/分 | 用时: 49.1分
    📥 进度: 2220/2664 | 成功: 2220 | 失败: 0 | 速度: 45只/分 | 用时: 49.2分
    📥 进度: 2230/2664 | 成功: 2230 | 失败: 0 | 速度: 45只/分 | 用时: 49.3分
    📥 进度: 2240/2664 | 成功: 2240 | 失败: 0 | 速度: 45只/分 | 用时: 49.3分
    ⏸️  第32批完成，休息63s...
  [CACHE] 已保存 2645 只股票到 /Users/yuting/trading/cache/chip_pool_history.pkl
    📥 进度: 2250/2664 | 成功: 2250 | 失败: 0 | 速度: 45只/分 | 用时: 50.5分
    📥 进度: 2260/2664 | 成功: 2260 | 失败: 0 | 速度: 45只/分 | 用时: 50.5分
    📥 进度: 2270/2664 | 成功: 2270 | 失败: 0 | 速度: 45只/分 | 用时: 50.6分
    📥 进度: 2280/2664 | 成功: 2280 | 失败: 0 | 速度: 45只/分 | 用时: 50.7分
    📥 进度: 2290/2664 | 成功: 2290 | 失败: 0 | 速度: 45只/分 | 用时: 50.8分
    📥 进度: 2300/2664 | 成功: 2300 | 失败: 0 | 速度: 45只/分 | 用时: 50.8分
    📥 进度: 2310/2664 | 成功: 2310 | 失败: 0 | 速度: 45只/分 | 用时: 50.9分
    ⏸️  第33批完成，休息63s...
  [CACHE] 已保存 2647 只股票到 /Users/yuting/trading/cache/chip_pool_history.pkl
    📥 进度: 2320/2664 | 成功: 2320 | 失败: 0 | 速度: 45只/分 | 用时: 52.0分
    📥 进度: 2330/2664 | 成功: 2330 | 失败: 0 | 速度: 45只/分 | 用时: 52.1分
    📥 进度: 2340/2664 | 成功: 2340 | 失败: 0 | 速度: 45只/分 | 用时: 52.2分
    📥 进度: 2350/2664 | 成功: 2350 | 失败: 0 | 速度: 45只/分 | 用时: 52.2分
    📥 进度: 2360/2664 | 成功: 2360 | 失败: 0 | 速度: 45只/分 | 用时: 52.3分
    📥 进度: 2370/2664 | 成功: 2370 | 失败: 0 | 速度: 45只/分 | 用时: 52.4分
    📥 进度: 2380/2664 | 成功: 2380 | 失败: 0 | 速度: 45只/分 | 用时: 52.4分
    ⏸️  第34批完成，休息63s...
  [CACHE] 已保存 2651 只股票到 /Users/yuting/trading/cache/chip_pool_history.pkl
    📥 进度: 2390/2664 | 成功: 2390 | 失败: 0 | 速度: 45只/分 | 用时: 53.6分
    📥 进度: 2400/2664 | 成功: 2400 | 失败: 0 | 速度: 45只/分 | 用时: 53.6分
    📥 进度: 2410/2664 | 成功: 2410 | 失败: 0 | 速度: 45只/分 | 用时: 53.7分
    📥 进度: 2420/2664 | 成功: 2420 | 失败: 0 | 速度: 45只/分 | 用时: 53.8分
    📥 进度: 2430/2664 | 成功: 2430 | 失败: 0 | 速度: 45只/分 | 用时: 53.9分
    📥 进度: 2440/2664 | 成功: 2440 | 失败: 0 | 速度: 45只/分 | 用时: 53.9分
    📥 进度: 2450/2664 | 成功: 2450 | 失败: 0 | 速度: 45只/分 | 用时: 54.0分
    ⏸️  第35批完成，休息63s...
  [CACHE] 已保存 2654 只股票到 /Users/yuting/trading/cache/chip_pool_history.pkl
    📥 进度: 2460/2664 | 成功: 2460 | 失败: 0 | 速度: 45只/分 | 用时: 55.1分
    📥 进度: 2470/2664 | 成功: 2470 | 失败: 0 | 速度: 45只/分 | 用时: 55.2分
    📥 进度: 2480/2664 | 成功: 2480 | 失败: 0 | 速度: 45只/分 | 用时: 55.3分
    📥 进度: 2490/2664 | 成功: 2490 | 失败: 0 | 速度: 45只/分 | 用时: 55.3分
    📥 进度: 2500/2664 | 成功: 2500 | 失败: 0 | 速度: 45只/分 | 用时: 55.4分
    📥 进度: 2510/2664 | 成功: 2510 | 失败: 0 | 速度: 45只/分 | 用时: 55.5分
    📥 进度: 2520/2664 | 成功: 2520 | 失败: 0 | 速度: 45只/分 | 用时: 55.5分
    ⏸️  第36批完成，休息63s...
  [CACHE] 已保存 2659 只股票到 /Users/yuting/trading/cache/chip_pool_history.pkl
    📥 进度: 2530/2664 | 成功: 2530 | 失败: 0 | 速度: 45只/分 | 用时: 56.7分
    📥 进度: 2540/2664 | 成功: 2540 | 失败: 0 | 速度: 45只/分 | 用时: 56.7分
    📥 进度: 2550/2664 | 成功: 2550 | 失败: 0 | 速度: 45只/分 | 用时: 56.8分
    📥 进度: 2560/2664 | 成功: 2560 | 失败: 0 | 速度: 45只/分 | 用时: 56.9分
    📥 进度: 2570/2664 | 成功: 2570 | 失败: 0 | 速度: 45只/分 | 用时: 56.9分
    📥 进度: 2580/2664 | 成功: 2580 | 失败: 0 | 速度: 45只/分 | 用时: 57.0分
    📥 进度: 2590/2664 | 成功: 2590 | 失败: 0 | 速度: 45只/分 | 用时: 57.1分
    ⏸️  第37批完成，休息63s...
  [CACHE] 已保存 2660 只股票到 /Users/yuting/trading/cache/chip_pool_history.pkl
    📥 进度: 2600/2664 | 成功: 2600 | 失败: 0 | 速度: 45只/分 | 用时: 58.2分
    📥 进度: 2610/2664 | 成功: 2610 | 失败: 0 | 速度: 45只/分 | 用时: 58.3分
    📥 进度: 2620/2664 | 成功: 2620 | 失败: 0 | 速度: 45只/分 | 用时: 58.3分
    📥 进度: 2630/2664 | 成功: 2630 | 失败: 0 | 速度: 45只/分 | 用时: 58.4分
    📥 进度: 2640/2664 | 成功: 2640 | 失败: 0 | 速度: 45只/分 | 用时: 58.5分
    📥 进度: 2650/2664 | 成功: 2650 | 失败: 0 | 速度: 45只/分 | 用时: 58.6分
    📥 进度: 2660/2664 | 成功: 2660 | 失败: 0 | 速度: 45只/分 | 用时: 58.6分
    ⏸️  第38批完成，休息63s...
  [CACHE] 已保存 2664 只股票到 /Users/yuting/trading/cache/chip_pool_history.pkl

[4/4] 保存数据...
  [CACHE] 已保存 2664 只股票到 /Users/yuting/trading/cache/chip_pool_history.pkl

============================================================
  📊 下载完成!
  ========================================================
  总耗时: 59.7 分钟
  下载成功: 2664 只
  下载失败: 0 只
  API调用: 2664 次
============================================================

============================================================
  📊 数据覆盖统计:
  ========================================================
  总股票数: 2664
  有数据股票: 2664
  数据行数: min=248, max=792, median=792, mean=776
  目标天数: 750
  满足目标: 2501/2664 (93.9%)
  日期范围: 20230109 ~ 20260420
============================================================

