========================================================================================================================
  ЁЯФм V2 PARAMETER TUNING тАФ ATR-based Stops + Grace Period + Ratchet
  Target: Profit Factor > 2.0 (3-year backtest 2023~2026)
========================================================================================================================

[0] Loading data...
[1/5] Loading cached data...
  Loaded 2664 stocks in 0.2s
  Trade dates: 20230109 ~ 20260420 (792 days)
  Preprocessing stock data (with fast index)...
  Preprocessed 2664 stocks (indexed)
  Loaded CSI 300 cache: 553 rows (20240102~20260417)
  Pre-computing profit ratios...
  тЬЕ PR done in 0.3s

[1] Screening 672 days...
  Day   1/672: 20230711 GREEN | cache:175 | 0s ETA 3.5min
  Day  11/672: 20230725 GREEN | cache:2574 | 9s ETA 9.0min
  Day  21/672: 20230808 GREEN | cache:5569 | 22s ETA 11.5min
  Day  31/672: 20230822 GREEN | cache:8967 | 37s ETA 12.8min
  Day  41/672: 20230905 GREEN | cache:13601 | 56s ETA 14.5min
  Day  51/672: 20230919 GREEN | cache:17004 | 72s ETA 14.6min
  Day  61/672: 20231011 GREEN | cache:19229 | 84s ETA 14.0min
  Day  71/672: 20231025 GREEN | cache:21674 | 96s ETA 13.6min
  Day  81/672: 20231108 GREEN | cache:24282 | 110s ETA 13.3min
  Day  91/672: 20231122 GREEN | cache:26391 | 121s ETA 12.9min
  Day 101/672: 20231206 GREEN | cache:27746 | 130s ETA 12.3min
  Day 111/672: 20231220 GREEN | cache:28924 | 139s ETA 11.7min
  Day 121/672: 20240104 GREEN | cache:30929 | 151s ETA 11.5min
  Day 131/672: 20240118 GREEN | cache:33246 | 165s ETA 11.4min
  Day 141/672: 20240201 GREEN | cache:36606 | 183s ETA 11.5min
  Day 151/672: 20240223 GREEN | cache:39360 | 198s ETA 11.4min
  Day 161/672: 20240308 GREEN | cache:40785 | 208s ETA 11.0min
  Day 171/672: 20240322 GREEN | cache:41237 | 213s ETA 10.4min
  Day 181/672: 20240409 GREEN | cache:41711 | 218s ETA 9.9min
  Day 191/672: 20240423 GREEN | cache:43081 | 228s ETA 9.6min
  Day 201/672: 20240510 GREEN | cache:45872 | 244s ETA 9.5min
  Day 211/672: 20240524 GREEN | cache:48053 | 258s ETA 9.4min
  Day 221/672: 20240607 GREEN | cache:50413 | 272s ETA 9.3min
  Day 231/672: 20240624 GREEN | cache:53050 | 288s ETA 9.2min
  Day 241/672: 20240708 GREEN | cache:55689 | 303s ETA 9.0min
  Day 251/672: 20240722 GREEN | cache:57991 | 317s ETA 8.9min
  Day 261/672: 20240805 GREEN | cache:60248 | 330s ETA 8.7min
  Day 271/672: 20240819 GREEN | cache:62407 | 344s ETA 8.5min
  Day 281/672: 20240902 GREEN | cache:65296 | 361s ETA 8.4min
  Day 291/672: 20240918 GREEN | cache:68671 | 380s ETA 8.3min
  Day 301/672: 20241009 GREEN | cache:71394 | 395s ETA 8.1min
  Day 311/672: 20241023 GREEN | cache:74594 | 413s ETA 8.0min
  Day 321/672: 20241106 GREEN | cache:79321 | 437s ETA 8.0min
  Day 331/672: 20241120 GREEN | cache:79570 | 441s ETA 7.6min
  Day 381/672: 20250207 GREEN | cache:84757 | 474s ETA 6.0min
  Day 391/672: 20250221 GREEN | cache:89679 | 500s ETA 6.0min
  Day 401/672: 20250307 GREEN | cache:93181 | 520s ETA 5.9min
  Day 431/672: 20250421 GREEN | cache:94740 | 530s ETA 4.9min
  Day 441/672: 20250508 GREEN | cache:97571 | 545s ETA 4.8min
  Day 451/672: 20250522 YELLOW | cache:103471 | 576s ETA 4.7min
  Day 481/672: 20250704 GREEN | cache:106683 | 595s ETA 3.9min
  Day 491/672: 20250718 GREEN | cache:109238 | 611s ETA 3.8min
  Day 501/672: 20250801 GREEN | cache:111787 | 627s ETA 3.6min
  Day 511/672: 20250815 GREEN | cache:113659 | 640s ETA 3.4min
  Day 521/672: 20250829 GREEN | cache:115986 | 654s ETA 3.2min
  Day 531/672: 20250912 GREEN | cache:117659 | 665s ETA 2.9min
  Day 561/672: 20251103 YELLOW | cache:120089 | 680s ETA 2.2min
  Day 571/672: 20251117 GREEN | cache:121950 | 691s ETA 2.0min
  Day 611/672: 20260114 GREEN | cache:128968 | 729s ETA 1.2min
  Day 621/672: 20260128 GREEN | cache:132480 | 749s ETA 1.0min
  Day 671/672: 20260417 GREEN | cache:136106 | 772s ETA 0.0min

  тЬЕ Screening done in 774s (12.9min)

[2] Testing 62 V2 parameter combinations...
========================================================================================================================
  [  1/62] ATR2.0 G3 SL-9% PS15% MH60 TM10 GтЙе6 SтЙе60 YтЙе105 | 187чмФ WR37% PF=1.45 P&L=+110,277 | 2023:-25,052 2024:+74,591 2025:+60,645 2026:+92
  [  2/62] ATR2.5 G3 SL-9% PS15% MH60 TM10 GтЙе6 SтЙе60 YтЙе105 | 187чмФ WR38% PF=1.43 P&L=+107,311 | 2023:-31,244 2024:+70,914 2025:+68,140 2026:-499
  [  3/62] ATR3.0 G3 SL-9% PS15% MH60 TM10 GтЙе6 SтЙе60 YтЙе105 | 187чмФ WR39% PF=1.46 P&L=+111,142 | 2023:-31,328 2024:+70,648 2025:+70,066 2026:+1,756
  [  4/62] ATR2.5 G5 SL-9% PS15% MH60 TM10 GтЙе6 SтЙе60 YтЙе105 | 187чмФ WR38% PF=1.42 P&L=+104,176 | 2023:-34,379 2024:+70,914 2025:+68,140 2026:-499
  [  5/62] ATR3.0 G5 SL-9% PS15% MH60 TM10 GтЙе6 SтЙе60 YтЙе105 | 187чмФ WR39% PF=1.46 P&L=+111,142 | 2023:-31,328 2024:+70,648 2025:+70,066 2026:+1,756
  [  6/62] ATR2.0 G3 SL-9% PS15% MH60 TM10 GтЙе7 SтЙе60 YтЙе105 |  67чмФ WR37% PF=1.16 P&L=+16,700 | 2023:-24,211 2024:-12,025 2025:+52,778 2026:+159
  [  7/62] ATR2.5 G3 SL-9% PS15% MH60 TM10 GтЙе7 SтЙе60 YтЙе105 |  67чмФ WR37% PF=1.14 P&L=+14,689 | 2023:-28,266 2024:-13,252 2025:+56,048 2026:+159
  [  8/62] ATR3.0 G3 SL-9% PS15% MH60 TM10 GтЙе7 SтЙе60 YтЙе105 |  67чмФ WR37% PF=1.08 P&L=+8,586 | 2023:-28,928 2024:-17,526 2025:+56,048 2026:-1,008
  [  9/62] ATR2.5 G3 SL-9% PS20% MH60 TM10 GтЙе6 SтЙе60 YтЙе105 | 187чмФ WR35% PF=1.60 P&L=+147,815 | 2023:-22,581 2024:+85,819 2025:+79,958 2026:+4,619
  [ 10/62] ATR2.5 G3 SL-9% PS25% MH60 TM10 GтЙе6 SтЙе60 YтЙе105 | 187чмФ WR32% PF=1.69 P&L=+170,590 | 2023:-3,986 2024:+94,342 2025:+74,778 2026:+5,457
  [ 11/62] ATR3.0 G3 SL-9% PS20% MH60 TM10 GтЙе6 SтЙе60 YтЙе105 | 187чмФ WR36% PF=1.59 P&L=+147,690 | 2023:-22,665 2024:+79,954 2025:+83,529 2026:+6,873
  [ 12/62] ATR3.0 G3 SL-9% PS25% MH60 TM10 GтЙе6 SтЙе60 YтЙе105 | 187чмФ WR32% PF=1.68 P&L=+169,948 | 2023:-4,070 2024:+87,959 2025:+78,348 2026:+7,711
  [ 13/62] ATR2.5 G3 SL-9% PS15% MH60 TM5 GтЙе6 SтЙе60 YтЙе105 | 187чмФ WR38% PF=1.45 P&L=+112,400 | 2023:-28,342 2024:+55,553 2025:+84,157 2026:+1,033
  [ 14/62] ATR2.5 G3 SL-9% PS15% MH60 TM7 GтЙе6 SтЙе60 YтЙе105 | 187чмФ WR38% PF=1.55 P&L=+135,497 | 2023:-30,112 2024:+77,108 2025:+87,469 2026:+1,033
  [ 15/62] ATR3.0 G3 SL-9% PS15% MH60 TM5 GтЙе6 SтЙе60 YтЙе105 | 187чмФ WR39% PF=1.48 P&L=+116,231 | 2023:-28,427 2024:+55,287 2025:+86,083 2026:+3,287
  [ 16/62] ATR2.5 G3 SL-9% PS15% MH80 TM10 GтЙе6 SтЙе60 YтЙе105 | 187чмФ WR38% PF=1.43 P&L=+106,155 | 2023:-31,244 2024:+68,114 2025:+69,784 2026:-499
  [ 17/62] ATR3.0 G3 SL-9% PS15% MH80 TM10 GтЙе6 SтЙе60 YтЙе105 | 187чмФ WR39% PF=1.43 P&L=+107,186 | 2023:-31,328 2024:+65,048 2025:+71,711 2026:+1,756
  [ 18/62] ATR2.5 G3 SL-9% PS20% MH80 TM10 GтЙе6 SтЙе60 YтЙе105 | 187чмФ WR35% PF=1.58 P&L=+145,684 | 2023:-22,581 2024:+82,553 2025:+81,094 2026:+4,619
  [ 19/62] ATR2.5 G3 SL-9% PS15% MH60 TM10 GтЙе7 SтЙе70 YтЙе125 |  62чмФ WR34% PF=0.97 P&L=-2,764 | 2023:-28,266 2024:-13,252 2025:+38,596 2026:+159
  [ 20/62] ATR3.0 G3 SL-9% PS15% MH60 TM10 GтЙе7 SтЙе70 YтЙе125 |  62чмФ WR34% PF=0.92 P&L=-8,866 | 2023:-28,928 2024:-17,526 2025:+38,596 2026:-1,008
  [ 21/62] ATR2.5 G3 SL-9% PS20% MH60 TM10 GтЙе7 SтЙе70 YтЙе125 |  62чмФ WR31% PF=0.99 P&L=-775 | 2023:-28,188 2024:-10,687 2025:+36,858 2026:+1,243
  [ 22/62] ATR3.0 G5 SL-9% PS20% MH60 TM10 GтЙе7 SтЙе70 YтЙе125 |  62чмФ WR31% PF=0.94 P&L=-6,878 | 2023:-28,851 2024:-14,961 2025:+36,858 2026:+76
  [ 23/62] ATR3.5 G5 SL-12% PS20% MH60 TM10 GтЙе6 SтЙе60 YтЙе105 | 187чмФ WR37% PF=1.50 P&L=+134,304 | 2023:-23,133 2024:+75,248 2025:+78,023 2026:+4,166
  [ 24/62] ATR4.0 G5 SL-15% PS25% MH60 TM10 GтЙе6 SтЙе60 YтЙе105 | 187чмФ WR34% PF=1.58 P&L=+156,831 | 2023:-13,143 2024:+88,323 2025:+78,983 2026:+2,668
  [ 25/62] ATR3.0 G3 SL-13% PS20% MH60 TM10 GтЙе6 SтЙе60 YтЙе105 | 187чмФ WR37% PF=1.58 P&L=+147,504 | 2023:-26,859 2024:+82,357 2025:+87,814 2026:+4,193
  [ 26/62] ATR3.0 G3 SL-11% PS20% MH80 TM10 GтЙе7 SтЙе70 YтЙе105 |  67чмФ WR34% PF=1.00 P&L=-607 | 2023:-30,928 2024:-21,315 2025:+51,953 2026:-317
  [ 27/62] ATR3.0 G5 SL-13% PS20% MH80 TM7 GтЙе6 SтЙе60 YтЙе105 | 187чмФ WR37% PF=1.69 P&L=+176,044 | 2023:-22,180 2024:+82,430 2025:+110,681 2026:+5,114
  [ 28/62] ATR2.5 G3 SL-11% PS15% MH60 TM7 GтЙе7 SтЙе60 YтЙе105 |  67чмФ WR37% PF=1.13 P&L=+15,300 | 2023:-27,084 2024:-20,088 2025:+62,952 2026:-480
  [ 29/62] ATR2.5 G3 SL-9% PS15% MH60 TM10 GтЙе6 SтЙе80 YтЙе105 | 186чмФ WR38% PF=1.44 P&L=+107,930 | 2023:-31,244 2024:+70,914 2025:+68,759 2026:-499
  [ 30/62] ATR2.5 G3 SL-9% PS15% MH60 TM10 GтЙе6 SтЙе90 YтЙе105 | 180чмФ WR38% PF=1.44 P&L=+105,636 | 2023:-35,915 2024:+74,709 2025:+72,307 2026:-5,465
  [ 31/62] ATR3.0 G3 SL-9% PS20% MH60 TM10 GтЙе6 SтЙе80 YтЙе105 | 186чмФ WR36% PF=1.62 P&L=+152,265 | 2023:-22,665 2024:+85,554 2025:+82,503 2026:+6,873
  [ 32/62] ATR3.0 G3 SL-9% PS20% MH60 TM10 GтЙе6 SтЙе90 YтЙе105 | 180чмФ WR36% PF=1.63 P&L=+148,286 | 2023:-28,345 2024:+89,349 2025:+86,052 2026:+1,231
  [ 33/62] ATR2.5 G3 SL-9% PS15% MH60 TM10 GтЙе6 SтЙе60 YтЙе999 | 175чмФ WR37% PF=1.37 P&L=+87,949 | 2023:-31,244 2024:+70,914 2025:+44,581 2026:+3,698
  [ 34/62] ATR3.0 G3 SL-9% PS20% MH60 TM10 GтЙе6 SтЙе60 YтЙе999 | 175чмФ WR35% PF=1.56 P&L=+130,815 | 2023:-22,665 2024:+85,554 2025:+56,042 2026:+11,886
  [ 35/62] ATR3.0 G5 SL-9% PS20% MH60 TM10 GтЙе7 SтЙе60 YтЙе999 |  62чмФ WR31% PF=0.94 P&L=-6,878 | 2023:-28,851 2024:-14,961 2025:+36,858 2026:+76
  [ 36/62] ATR2.5 G0 SL-9% PS15% MH60 TM10 GтЙе6 SтЙе60 YтЙе105 | 187чмФ WR37% PF=1.41 P&L=+101,814 | 2023:-31,244 2024:+70,914 2025:+62,643 2026:-499
  [ 37/62] ATR3.0 G0 SL-9% PS15% MH60 TM10 GтЙе6 SтЙе60 YтЙе105 | 187чмФ WR39% PF=1.46 P&L=+111,142 | 2023:-31,328 2024:+70,648 2025:+70,066 2026:+1,756
  [ 38/62] ATR2.0 G3 SL-11% PS15% MH50 TM10 GтЙе6 SтЙе60 YтЙе105 | 187чмФ WR40% PF=1.46 P&L=+113,461 | 2023:-22,883 2024:+74,522 2025:+60,384 2026:+1,438
  [ 39/62] ATR2.5 G3 SL-11% PS15% MH50 TM10 GтЙе6 SтЙе60 YтЙе105 | 187чмФ WR40% PF=1.45 P&L=+111,702 | 2023:-23,561 2024:+73,803 2025:+60,023 2026:+1,438
  [ 40/62] ATR3.0 G3 SL-11% PS15% MH50 TM10 GтЙе6 SтЙе60 YтЙе105 | 187чмФ WR40% PF=1.42 P&L=+105,559 | 2023:-29,164 2024:+74,827 2025:+59,089 2026:+807
  [ 41/62] ATR2.0 G3 SL-11% PS20% MH50 TM10 GтЙе6 SтЙе60 YтЙе105 | 187чмФ WR37% PF=1.63 P&L=+156,217 | 2023:-12,557 2024:+90,016 2025:+72,202 2026:+6,555
  [ 42/62] ATR2.5 G3 SL-11% PS20% MH50 TM10 GтЙе6 SтЙе60 YтЙе105 | 187чмФ WR37% PF=1.62 P&L=+154,458 | 2023:-13,235 2024:+89,297 2025:+71,841 2026:+6,555
  [ 43/62] ATR3.0 G3 SL-11% PS20% MH50 TM10 GтЙе6 SтЙе60 YтЙе105 | 187чмФ WR37% PF=1.58 P&L=+148,314 | 2023:-18,839 2024:+90,321 2025:+70,907 2026:+5,924
  [ 44/62] ATR2.0 G3 SL-13% PS20% MH50 TM10 GтЙе6 SтЙе60 YтЙе105 | 187чмФ WR37% PF=1.60 P&L=+151,061 | 2023:-24,155 2024:+81,971 2025:+89,053 2026:+4,193
  [ 45/62] ATR2.5 G3 SL-13% PS20% MH50 TM10 GтЙе6 SтЙе60 YтЙе105 | 187чмФ WR37% PF=1.60 P&L=+151,061 | 2023:-24,155 2024:+81,971 2025:+89,053 2026:+4,193
  [ 46/62] ATR3.0 G3 SL-13% PS20% MH50 TM10 GтЙе6 SтЙе60 YтЙе105 | 187чмФ WR37% PF=1.58 P&L=+148,708 | 2023:-25,196 2024:+81,171 2025:+88,541 2026:+4,193
  [ 47/62] ATR2.0 G3 SL-13% PS20% MH50 TM7 GтЙе6 SтЙе60 YтЙе105 | 187чмФ WR37% PF=1.67 P&L=+172,648 | 2023:-21,307 2024:+80,599 2025:+108,242 2026:+5,114
  [ 48/62] ATR2.5 G3 SL-13% PS20% MH50 TM7 GтЙе6 SтЙе60 YтЙе105 | 187чмФ WR37% PF=1.67 P&L=+172,648 | 2023:-21,307 2024:+80,599 2025:+108,242 2026:+5,114
  [ 49/62] ATR3.0 G3 SL-13% PS20% MH50 TM7 GтЙе6 SтЙе60 YтЙе105 | 187чмФ WR37% PF=1.66 P&L=+170,295 | 2023:-22,348 2024:+79,799 2025:+107,730 2026:+5,114
  [ 50/62] ATR2.5 G3 SL-13% PS20% MH35 TM15 GтЙе6 SтЙе60 YтЙе105 | 187чмФ WR39% PF=1.70 P&L=+172,184 | 2023:-22,612 2024:+86,828 2025:+95,948 2026:+12,020
  [ 51/62] ATR2.5 G3 SL-13% PS20% MH40 TM15 GтЙе6 SтЙе60 YтЙе105 | 187чмФ WR37% PF=1.66 P&L=+167,793 | 2023:-24,163 2024:+79,512 2025:+102,275 2026:+10,169
  [ 52/62] ATR2.5 G3 SL-13% PS20% MH45 TM10 GтЙе6 SтЙе60 YтЙе105 | 187чмФ WR37% PF=1.59 P&L=+149,315 | 2023:-22,552 2024:+82,174 2025:+85,500 2026:+4,193
  [ 53/62] ATR2.5 G3 SL-13% PS20% MH50 TM10 GтЙе6 SтЙе60 YтЙе105 | 187чмФ WR37% PF=1.60 P&L=+151,061 | 2023:-24,155 2024:+81,971 2025:+89,053 2026:+4,193
  [ 54/62] ATR3.0 G3 SL-13% PS20% MH35 TM20 GтЙе6 SтЙе60 YтЙе105 | 187чмФ WR39% PF=1.76 P&L=+188,203 | 2023:-24,016 2024:+94,525 2025:+102,127 2026:+15,567
  [ 55/62] ATR3.0 G3 SL-13% PS20% MH40 TM15 GтЙе6 SтЙе60 YтЙе105 | 187чмФ WR37% PF=1.65 P&L=+165,440 | 2023:-25,204 2024:+78,712 2025:+101,763 2026:+10,169
  [ 56/62] ATR3.0 G5 SL-13% PS20% MH45 TM10 GтЙе6 SтЙе60 YтЙе105 | 187чмФ WR37% PF=1.57 P&L=+146,962 | 2023:-23,593 2024:+81,374 2025:+84,988 2026:+4,193
  [ 57/62] ATR3.0 G5 SL-13% PS20% MH50 TM10 GтЙе6 SтЙе60 YтЙе105 | 187чмФ WR37% PF=1.58 P&L=+148,708 | 2023:-25,196 2024:+81,171 2025:+88,541 2026:+4,193
  [ 58/62] ATR2.5 G3 SL-9% PS15% MH60 TM10 GтЙе6 SтЙе100 YтЙе105 | 153чмФ WR36% PF=1.44 P&L=+89,877 | 2023:-27,719 2024:+81,343 2025:+40,637 2026:-4,384
  [ 59/62] ATR3.0 G3 SL-9% PS20% MH60 TM10 GтЙе6 SтЙе100 YтЙе105 | 153чмФ WR33% PF=1.60 P&L=+122,460 | 2023:-19,869 2024:+91,284 2025:+52,090 2026:-1,045
  [ 60/62] ATR3.0 G5 SL-13% PS20% MH50 TM10 GтЙе6 SтЙе100 YтЙе105 | 153чмФ WR35% PF=1.65 P&L=+130,980 | 2023:-25,124 2024:+93,941 2025:+64,303 2026:-2,141
  [ 61/62] ATR2.5 G3 SL-9% PS15% MH60 TM10 GтЙе7 SтЙе90 YтЙе105 |  67чмФ WR37% PF=1.14 P&L=+14,689 | 2023:-28,266 2024:-13,252 2025:+56,048 2026:+159
  [ 62/62] ATR3.0 G3 SL-9% PS20% MH60 TM10 GтЙе7 SтЙе90 YтЙе105 |  67чмФ WR34% PF=1.11 P&L=+12,579 | 2023:-28,851 2024:-14,961 2025:+56,315 2026:+76

тХРтХРтХРтХРтХРтХРтХРтХРтХРтХРтХРтХРтХРтХРтХРтХРтХРтХРтХРтХРтХРтХРтХРтХРтХРтХРтХРтХРтХРтХРтХРтХРтХРтХРтХРтХРтХРтХРтХРтХРтХРтХРтХРтХРтХРтХРтХРтХРтХРтХРтХРтХРтХРтХРтХРтХРтХРтХРтХРтХРтХРтХРтХРтХРтХРтХРтХРтХРтХРтХРтХРтХРтХРтХРтХРтХРтХРтХРтХРтХРтХРтХРтХРтХРтХРтХРтХРтХРтХРтХРтХРтХРтХРтХРтХРтХРтХРтХРтХРтХРтХРтХРтХРтХРтХРтХРтХРтХРтХРтХРтХРтХРтХРтХРтХРтХРтХРтХРтХРтХР
  ЁЯПЖ V2 TUNING RESULTS тАФ TOP 20
тХРтХРтХРтХРтХРтХРтХРтХРтХРтХРтХРтХРтХРтХРтХРтХРтХРтХРтХРтХРтХРтХРтХРтХРтХРтХРтХРтХРтХРтХРтХРтХРтХРтХРтХРтХРтХРтХРтХРтХРтХРтХРтХРтХРтХРтХРтХРтХРтХРтХРтХРтХРтХРтХРтХРтХРтХРтХРтХРтХРтХРтХРтХРтХРтХРтХРтХРтХРтХРтХРтХРтХРтХРтХРтХРтХРтХРтХРтХРтХРтХРтХРтХРтХРтХРтХРтХРтХРтХРтХРтХРтХРтХРтХРтХРтХРтХРтХРтХРтХРтХРтХРтХРтХРтХРтХРтХРтХРтХРтХРтХРтХРтХРтХРтХРтХРтХРтХРтХРтХР
    # | ATR | GRC |   SL |   PS |  MH |  SF |  TM | GтЙе |  SтЙе |  YтЙе |    N |   WR |  W/L |     PF |        P&L |   Avg% | MaxDD
    1 | 3.0 |   3 | -13% | 20% |  35 |  20 |  20 |  6 |  60 | 105 |  187 |  39% | 2.8 |   1.76 |  +188,203 |  +2.5% |    14
    2 | 2.5 |   3 | -13% | 20% |  35 |  20 |  15 |  6 |  60 | 105 |  187 |  39% | 2.7 |   1.70 |  +172,184 |  +2.3% |    14
    3 | 3.0 |   5 | -13% | 20% |  80 |  30 |   7 |  6 |  60 | 105 |  187 |  37% | 2.8 |   1.69 |  +176,044 |  +2.4% |    14
    4 | 2.5 |   3 | -9% | 25% |  60 |  25 |  10 |  6 |  60 | 105 |  187 |  32% | 3.7 |   1.69 |  +170,590 |  +2.3% |    14
    5 | 3.0 |   3 | -9% | 25% |  60 |  30 |  10 |  6 |  60 | 105 |  187 |  32% | 3.6 |   1.68 |  +169,948 |  +2.3% |    14
    6 | 2.0 |   3 | -13% | 20% |  50 |  30 |   7 |  6 |  60 | 105 |  187 |  37% | 2.8 |   1.67 |  +172,648 |  +2.3% |    14
    7 | 2.5 |   3 | -13% | 20% |  50 |  30 |   7 |  6 |  60 | 105 |  187 |  37% | 2.8 |   1.67 |  +172,648 |  +2.3% |    14
    8 | 2.5 |   3 | -13% | 20% |  40 |  25 |  15 |  6 |  60 | 105 |  187 |  37% | 2.8 |   1.66 |  +167,793 |  +2.3% |    14
    9 | 3.0 |   3 | -13% | 20% |  50 |  30 |   7 |  6 |  60 | 105 |  187 |  37% | 2.8 |   1.66 |  +170,295 |  +2.3% |    14
   10 | 3.0 |   3 | -13% | 20% |  40 |  25 |  15 |  6 |  60 | 105 |  187 |  37% | 2.8 |   1.65 |  +165,440 |  +2.2% |    14
   11 | 3.0 |   5 | -13% | 20% |  50 |  25 |  10 |  6 | 100 | 105 |  153 |  35% | 3.0 |   1.65 |  +130,980 |  +2.1% |    14
   12 | 2.0 |   3 | -11% | 20% |  50 |  25 |  10 |  6 |  60 | 105 |  187 |  37% | 2.8 |   1.63 |  +156,217 |  +2.1% |    14
   13 | 3.0 |   3 | -9% | 20% |  60 |  25 |  10 |  6 |  90 | 105 |  180 |  36% | 3.0 |   1.63 |  +148,286 |  +2.1% |    13
   14 | 3.0 |   3 | -9% | 20% |  60 |  25 |  10 |  6 |  80 | 105 |  186 |  36% | 2.9 |   1.62 |  +152,265 |  +2.1% |    13
   15 | 2.5 |   3 | -11% | 20% |  50 |  25 |  10 |  6 |  60 | 105 |  187 |  37% | 2.8 |   1.62 |  +154,458 |  +2.1% |    14
   16 | 3.0 |   3 | -9% | 20% |  60 |  25 |  10 |  6 | 100 | 105 |  153 |  33% | 3.2 |   1.60 |  +122,460 |  +2.0% |    14
   17 | 2.0 |   3 | -13% | 20% |  50 |  25 |  10 |  6 |  60 | 105 |  187 |  37% | 2.7 |   1.60 |  +151,061 |  +2.0% |    14
   18 | 2.5 |   3 | -13% | 20% |  50 |  25 |  10 |  6 |  60 | 105 |  187 |  37% | 2.7 |   1.60 |  +151,061 |  +2.0% |    14
   19 | 2.5 |   3 | -13% | 20% |  50 |  25 |  10 |  6 |  60 | 105 |  187 |  37% | 2.7 |   1.60 |  +151,061 |  +2.0% |    14
   20 | 2.5 |   3 | -9% | 20% |  60 |  25 |  10 |  6 |  60 | 105 |  187 |  35% | 2.9 |   1.60 |  +147,815 |  +2.0% |    14

тХРтХРтХРтХРтХРтХРтХРтХРтХРтХРтХРтХРтХРтХРтХРтХРтХРтХРтХРтХРтХРтХРтХРтХРтХРтХРтХРтХРтХРтХРтХРтХРтХРтХРтХРтХРтХРтХРтХРтХРтХРтХРтХРтХРтХРтХРтХРтХРтХРтХРтХРтХРтХРтХРтХРтХРтХРтХРтХРтХРтХРтХРтХРтХРтХРтХРтХРтХРтХРтХРтХРтХРтХРтХРтХРтХРтХРтХРтХРтХРтХРтХРтХРтХРтХРтХРтХРтХРтХРтХРтХРтХРтХРтХРтХРтХРтХРтХРтХРтХРтХРтХРтХРтХРтХРтХРтХРтХРтХРтХРтХРтХРтХРтХРтХРтХРтХРтХРтХРтХР
  ЁЯСС CHAMPION тАФ PF=1.76
тХРтХРтХРтХРтХРтХРтХРтХРтХРтХРтХРтХРтХРтХРтХРтХРтХРтХРтХРтХРтХРтХРтХРтХРтХРтХРтХРтХРтХРтХРтХРтХРтХРтХРтХРтХРтХРтХРтХРтХРтХРтХРтХРтХРтХРтХРтХРтХРтХРтХРтХРтХРтХРтХРтХРтХРтХРтХРтХРтХРтХРтХРтХРтХРтХРтХРтХРтХРтХРтХРтХРтХРтХРтХРтХРтХРтХРтХРтХРтХРтХРтХРтХРтХРтХРтХРтХРтХРтХРтХРтХРтХРтХРтХРтХРтХРтХРтХРтХРтХРтХРтХРтХРтХРтХРтХРтХРтХРтХРтХРтХРтХРтХРтХРтХРтХРтХРтХРтХРтХР
  ATR Stop Multiplier:  3.0
  Grace Period:         3 days (mult=1.5)
  Pct Stop (fallback):  -13%
  Partial Sell:         +20%
  Max Hold:             35хдй
  Stale Force:          20хдй
  Trail MA:             MA20 тЖТ MA21
  Min Green:            6/7
  YELLOW Min Score:     105
  Min Score:            60
  ---
  Trades:     187
  Win Rate:   38.5%
  PF:         1.76
  Total P&L:  +188,203
  Avg P&L%:   +2.53%
  Max DD:     14 consecutive
  Avg Hold:   20.1 days
  Partial %:  25%
  ---
    2023:  38чмФ WR29% P&L=-24,016
    2024:  52чмФ WR48% P&L=+94,525
    2025:  85чмФ WR36% P&L=+102,127
    2026:  12чмФ WR42% P&L=+15,567
  ---
    чбмцнвцНЯ: 67 (36%)
    цикчЫШ: 60 (32%)
    MAш┐╜ш╕к: 32 (17%)
    х╝║хИ╢хЗ║хЬ║: 23 (12%)
    цИРцЬмцнвцНЯ: 5 (3%)

  ЁЯУБ Results: /Users/yuting/trading/results/tune_v2_results_20260421_025454.csv

  тП▒я╕П  Total: 13.0min | Combos: 62 | PFтЙе2.0: 0
тХРтХРтХРтХРтХРтХРтХРтХРтХРтХРтХРтХРтХРтХРтХРтХРтХРтХРтХРтХРтХРтХРтХРтХРтХРтХРтХРтХРтХРтХРтХРтХРтХРтХРтХРтХРтХРтХРтХРтХРтХРтХРтХРтХРтХРтХРтХРтХРтХРтХРтХРтХРтХРтХРтХРтХРтХРтХРтХРтХРтХРтХРтХРтХРтХРтХРтХРтХРтХРтХРтХРтХРтХРтХРтХРтХРтХРтХРтХРтХРтХРтХРтХРтХРтХРтХРтХРтХРтХРтХРтХРтХРтХРтХРтХРтХРтХРтХРтХРтХРтХРтХРтХРтХРтХРтХРтХРтХРтХРтХРтХРтХРтХРтХРтХРтХРтХРтХРтХРтХР
