================================================================================
  🔬 FULL PARAMETER GRID SEARCH
  Target: Profit Factor > 2.0 (3-year backtest 2023~2026)
================================================================================

[Phase 0] Loading data...
[1/5] Loading cached data...
  Loaded 2664 stocks in 0.3s
  Trade dates: 20230109 ~ 20260420 (792 days)
  Preprocessing stock data (with fast index)...
  Preprocessed 2664 stocks (indexed)
  Loading CSI 300...
  Loaded CSI 300 cache: 553 rows (20240102~20260417)
  Pre-computing profit ratios...
  ✅ Profit ratios done in 0.3s

[Phase 1] Screening 672 days (with chip cache)...
  Running DUAL screening: with/without chip quality filters
  Day   1/672: 20230711 GREEN | cache:175 | 0s ETA 3.5min
  Day   6/672: 20230718 GREEN | cache:1318 | 4s ETA 6.7min
  Day  11/672: 20230725 GREEN | cache:2574 | 9s ETA 9.2min
  Day  16/672: 20230801 GREEN | cache:4073 | 16s ETA 10.8min
  Day  21/672: 20230808 GREEN | cache:5569 | 23s ETA 11.6min
  Day  26/672: 20230815 GREEN | cache:7134 | 30s ETA 12.3min
  Day  31/672: 20230822 GREEN | cache:8967 | 38s ETA 13.0min
  Day  36/672: 20230829 GREEN | cache:11145 | 47s ETA 13.8min
  Day  41/672: 20230905 GREEN | cache:13601 | 57s ETA 14.7min
  Day  46/672: 20230912 GREEN | cache:15449 | 65s ETA 14.9min
  Day  51/672: 20230919 GREEN | cache:17004 | 73s ETA 14.8min
  Day  56/672: 20230926 GREEN | cache:18130 | 79s ETA 14.4min
  Day  61/672: 20231011 GREEN | cache:19229 | 85s ETA 14.1min
  Day  66/672: 20231018 GREEN | cache:20410 | 91s ETA 13.9min
  Day  71/672: 20231025 GREEN | cache:21674 | 97s ETA 13.7min
  Day  76/672: 20231101 GREEN | cache:23013 | 104s ETA 13.6min
  Day  81/672: 20231108 GREEN | cache:24282 | 111s ETA 13.5min
  Day  86/672: 20231115 GREEN | cache:25406 | 117s ETA 13.3min
  Day  91/672: 20231122 GREEN | cache:26391 | 122s ETA 13.0min
  Day  96/672: 20231129 GREEN | cache:27208 | 127s ETA 12.7min
  Day 101/672: 20231206 GREEN | cache:27746 | 131s ETA 12.4min
  Day 106/672: 20231213 GREEN | cache:28302 | 135s ETA 12.1min
  Day 111/672: 20231220 GREEN | cache:28924 | 140s ETA 11.8min
  Day 116/672: 20231227 GREEN | cache:29745 | 145s ETA 11.6min
  Day 121/672: 20240104 GREEN | cache:30929 | 152s ETA 11.5min
  Day 126/672: 20240111 GREEN | cache:32145 | 159s ETA 11.5min
  Day 131/672: 20240118 GREEN | cache:33246 | 166s ETA 11.4min
  Day 136/672: 20240125 GREEN | cache:34918 | 175s ETA 11.5min
  Day 141/672: 20240201 GREEN | cache:36606 | 184s ETA 11.5min
  Day 146/672: 20240208 GREEN | cache:37974 | 191s ETA 11.5min
  Day 151/672: 20240223 GREEN | cache:39360 | 199s ETA 11.4min
  Day 156/672: 20240301 GREEN | cache:40384 | 205s ETA 11.3min
  Day 161/672: 20240308 GREEN | cache:40785 | 208s ETA 11.0min
  Day 166/672: 20240315 GREEN | cache:41056 | 211s ETA 10.7min
  Day 171/672: 20240322 GREEN | cache:41237 | 213s ETA 10.4min
  Day 176/672: 20240329 GREEN | cache:41426 | 216s ETA 10.1min
  Day 181/672: 20240409 GREEN | cache:41711 | 219s ETA 9.9min
  Day 186/672: 20240416 GREEN | cache:42141 | 222s ETA 9.7min
  Day 191/672: 20240423 GREEN | cache:43081 | 228s ETA 9.6min
  Day 196/672: 20240430 GREEN | cache:44148 | 235s ETA 9.5min
  Day 201/672: 20240510 GREEN | cache:45872 | 244s ETA 9.5min
  Day 206/672: 20240517 GREEN | cache:47036 | 251s ETA 9.5min
  Day 211/672: 20240524 GREEN | cache:48053 | 258s ETA 9.4min
  Day 216/672: 20240531 GREEN | cache:49014 | 264s ETA 9.3min
  Day 221/672: 20240607 GREEN | cache:50413 | 272s ETA 9.2min
  Day 226/672: 20240617 GREEN | cache:51799 | 280s ETA 9.2min
  Day 231/672: 20240624 GREEN | cache:53050 | 287s ETA 9.1min
  Day 236/672: 20240701 GREEN | cache:54478 | 296s ETA 9.1min
  Day 241/672: 20240708 GREEN | cache:55689 | 303s ETA 9.0min
  Day 246/672: 20240715 GREEN | cache:56935 | 310s ETA 9.0min
  Day 251/672: 20240722 GREEN | cache:57991 | 317s ETA 8.9min
  Day 256/672: 20240729 GREEN | cache:59142 | 323s ETA 8.8min
  Day 261/672: 20240805 GREEN | cache:60248 | 330s ETA 8.7min
  Day 266/672: 20240812 GREEN | cache:61536 | 338s ETA 8.6min
  Day 271/672: 20240819 GREEN | cache:62407 | 344s ETA 8.5min
  Day 276/672: 20240826 GREEN | cache:63790 | 352s ETA 8.4min
  Day 281/672: 20240902 GREEN | cache:65296 | 360s ETA 8.3min
  Day 286/672: 20240909 GREEN | cache:67157 | 370s ETA 8.3min
  Day 291/672: 20240918 GREEN | cache:68671 | 379s ETA 8.3min
  Day 296/672: 20240925 GREEN | cache:70495 | 389s ETA 8.2min
  Day 301/672: 20241009 GREEN | cache:71394 | 394s ETA 8.1min
  Day 306/672: 20241016 GREEN | cache:72124 | 399s ETA 8.0min
  Day 311/672: 20241023 GREEN | cache:74594 | 412s ETA 8.0min
  Day 316/672: 20241030 GREEN | cache:77438 | 426s ETA 8.0min
  Day 321/672: 20241106 GREEN | cache:79321 | 436s ETA 7.9min
  Day 326/672: 20241113 GREEN | cache:79413 | 438s ETA 7.7min
  Day 331/672: 20241120 GREEN | cache:79570 | 440s ETA 7.6min
  Day 336/672: 20241127 GREEN | cache:79791 | 443s ETA 7.4min
  Day 346/672: 20241211 GREEN | cache:80637 | 449s ETA 7.1min
  Day 381/672: 20250207 GREEN | cache:84757 | 472s ETA 6.0min
  Day 386/672: 20250214 GREEN | cache:87614 | 487s ETA 6.0min
  Day 391/672: 20250221 GREEN | cache:89679 | 498s ETA 6.0min
  Day 396/672: 20250228 GREEN | cache:91497 | 508s ETA 5.9min
  Day 401/672: 20250307 GREEN | cache:93181 | 518s ETA 5.8min
  Day 406/672: 20250314 GREEN | cache:94137 | 524s ETA 5.7min
  Day 431/672: 20250421 GREEN | cache:94740 | 528s ETA 4.9min
  Day 441/672: 20250508 GREEN | cache:97571 | 542s ETA 4.7min
  Day 446/672: 20250515 YELLOW | cache:101331 | 561s ETA 4.7min
  Day 451/672: 20250522 YELLOW | cache:103471 | 573s ETA 4.7min
  Day 456/672: 20250529 GREEN | cache:103845 | 575s ETA 4.5min
  Day 481/672: 20250704 GREEN | cache:106683 | 590s ETA 3.9min
  Day 486/672: 20250711 GREEN | cache:107878 | 597s ETA 3.8min
  Day 491/672: 20250718 GREEN | cache:109238 | 605s ETA 3.7min
  Day 496/672: 20250725 GREEN | cache:110662 | 614s ETA 3.6min
  Day 501/672: 20250801 GREEN | cache:111787 | 621s ETA 3.5min
  Day 506/672: 20250808 GREEN | cache:112625 | 626s ETA 3.4min
  Day 511/672: 20250815 GREEN | cache:113659 | 633s ETA 3.3min
  Day 516/672: 20250822 GREEN | cache:114897 | 640s ETA 3.2min
  Day 521/672: 20250829 GREEN | cache:115986 | 647s ETA 3.1min
  Day 526/672: 20250905 GREEN | cache:116794 | 652s ETA 3.0min
  Day 531/672: 20250912 GREEN | cache:117659 | 658s ETA 2.9min
  Day 546/672: 20251013 YELLOW | cache:118497 | 664s ETA 2.6min
  Day 561/672: 20251103 YELLOW | cache:120089 | 672s ETA 2.2min
  Day 571/672: 20251117 GREEN | cache:121950 | 682s ETA 2.0min
  Day 596/672: 20251222 YELLOW | cache:123175 | 689s ETA 1.5min
  Day 606/672: 20260107 GREEN | cache:126843 | 709s ETA 1.3min
  Day 611/672: 20260114 GREEN | cache:128968 | 720s ETA 1.2min
  Day 616/672: 20260121 GREEN | cache:130654 | 730s ETA 1.1min
  Day 621/672: 20260128 GREEN | cache:132480 | 740s ETA 1.0min
  Day 626/672: 20260204 YELLOW | cache:133588 | 746s ETA 0.9min
  Day 666/672: 20260410 YELLOW | cache:134870 | 754s ETA 0.1min
  Day 671/672: 20260417 GREEN | cache:136106 | 762s ETA 0.0min

  ✅ Screening done in 764s (12.7min)

[Phase A] Testing 576 EXIT parameter combinations...
  Fixed entry: green≥6, score≥60, YELLOW≥105, chip_filter=True
========================================================================================================================
  [  20/576] SL-7% PS8% MH50 SF20 TM10 | 187笔 WR49% PF=1.45 P&L=+106,205
  [  40/576] SL-7% PS10% MH25 SF25 TM5 | 187笔 WR46% PF=1.43 P&L=+105,339
  [  60/576] SL-7% PS10% MH50 SF25 TM15 | 187笔 WR46% PF=1.44 P&L=+110,221
  [  80/576] SL-7% PS15% MH25 SF35 TM10 | 187笔 WR43% PF=1.46 P&L=+119,291
  [ 100/576] SL-7% PS15% MH60 SF20 TM5 | 187笔 WR43% PF=1.40 P&L=+104,623
  [ 120/576] SL-7% PS20% MH35 SF20 TM15 | 187笔 WR42% PF=1.59 P&L=+154,169
  [ 140/576] SL-7% PS20% MH60 SF25 TM10 | 187笔 WR42% PF=1.58 P&L=+150,456
  [ 160/576] SL-9% PS8% MH35 SF35 TM5 | 187笔 WR51% PF=1.45 P&L=+109,656
  [ 180/576] SL-9% PS8% MH60 SF35 TM15 | 187笔 WR51% PF=1.47 P&L=+114,884
  [ 200/576] SL-9% PS10% MH50 SF20 TM10 | 187笔 WR48% PF=1.37 P&L=+95,377
  [ 220/576] SL-9% PS15% MH25 SF25 TM5 | 187笔 WR44% PF=1.43 P&L=+114,027
  [ 240/576] SL-9% PS15% MH50 SF25 TM15 | 187笔 WR44% PF=1.43 P&L=+113,589
  [ 260/576] SL-9% PS20% MH25 SF35 TM10 | 187笔 WR44% PF=1.59 P&L=+155,136
  [ 280/576] SL-9% PS20% MH60 SF20 TM5 | 187笔 WR44% PF=1.58 P&L=+154,743
  [ 300/576] SL-11% PS8% MH35 SF20 TM15 | 187笔 WR54% PF=1.47 P&L=+114,795
  [ 320/576] SL-11% PS8% MH60 SF25 TM10 | 187笔 WR54% PF=1.45 P&L=+108,782
  [ 340/576] SL-11% PS10% MH35 SF35 TM5 | 187笔 WR51% PF=1.43 P&L=+109,922
  [ 360/576] SL-11% PS10% MH60 SF35 TM15 | 187笔 WR51% PF=1.43 P&L=+111,846
  [ 380/576] SL-11% PS15% MH50 SF20 TM10 | 187笔 WR47% PF=1.38 P&L=+101,336
  [ 400/576] SL-11% PS20% MH25 SF25 TM5 | 187笔 WR46% PF=1.61 P&L=+157,608
  [ 420/576] SL-11% PS20% MH50 SF25 TM15 | 187笔 WR47% PF=1.64 P&L=+172,093
  [ 440/576] SL-13% PS8% MH25 SF35 TM10 | 187笔 WR54% PF=1.57 P&L=+133,070
  [ 460/576] SL-13% PS8% MH60 SF20 TM5 | 187笔 WR55% PF=1.44 P&L=+109,824
  [ 480/576] SL-13% PS10% MH35 SF20 TM15 | 187笔 WR51% PF=1.42 P&L=+108,001
  [ 500/576] SL-13% PS10% MH60 SF25 TM10 | 187笔 WR52% PF=1.37 P&L=+96,114
  [ 520/576] SL-13% PS15% MH35 SF35 TM5 | 187笔 WR47% PF=1.42 P&L=+111,177
  [ 540/576] SL-13% PS15% MH60 SF35 TM15 | 187笔 WR48% PF=1.41 P&L=+110,212
  [ 560/576] SL-13% PS20% MH50 SF20 TM10 | 187笔 WR47% PF=1.59 P&L=+160,665

  ✅ Phase A done in 57s (1.0min)

========================================================================================================================
  🏆 Phase A TOP 20 (EXIT params, ≥10 trades):
========================================================================================================================
  Rank |    SL |    PS |  MH |  SF |  TM | Trades |    WR |   W/L |     PF |        P&L |   Avg% | MaxDD | AvgD | Partial
     1 |  -13% |   20% |  25 |  20 |  15 |   187 |   46% |  2.0 |   1.68 |  +176,834 |  +2.4% |     9 |   18 |    24%
     2 |  -13% |   20% |  25 |  25 |  15 |   187 |   46% |  2.0 |   1.68 |  +176,834 |  +2.4% |     9 |   18 |    24%
     3 |  -13% |   20% |  25 |  35 |  15 |   187 |   46% |  2.0 |   1.68 |  +176,834 |  +2.4% |     9 |   18 |    24%
     4 |  -11% |   20% |  25 |  20 |  15 |   187 |   46% |  2.0 |   1.68 |  +176,466 |  +2.4% |     9 |   17 |    24%
     5 |  -11% |   20% |  25 |  25 |  15 |   187 |   46% |  2.0 |   1.68 |  +176,466 |  +2.4% |     9 |   17 |    24%
     6 |  -11% |   20% |  25 |  35 |  15 |   187 |   46% |  2.0 |   1.68 |  +176,466 |  +2.4% |     9 |   17 |    24%
     7 |   -7% |   20% |  50 |  20 |  15 |   187 |   42% |  2.3 |   1.65 |  +168,470 |  +2.3% |     9 |   15 |    25%
     8 |   -7% |   20% |  50 |  25 |  15 |   187 |   42% |  2.3 |   1.65 |  +168,470 |  +2.3% |     9 |   15 |    25%
     9 |   -7% |   20% |  50 |  35 |  15 |   187 |   42% |  2.3 |   1.65 |  +168,470 |  +2.3% |     9 |   15 |    25%
    10 |  -13% |   20% |  25 |  20 |  10 |   187 |   46% |  1.9 |   1.64 |  +167,130 |  +2.3% |     9 |   17 |    24%
    11 |  -13% |   20% |  25 |  25 |  10 |   187 |   46% |  1.9 |   1.64 |  +167,130 |  +2.3% |     9 |   17 |    24%
    12 |  -13% |   20% |  25 |  35 |  10 |   187 |   46% |  1.9 |   1.64 |  +167,130 |  +2.3% |     9 |   17 |    24%
    13 |  -11% |   20% |  50 |  20 |  15 |   187 |   47% |  1.9 |   1.64 |  +172,093 |  +2.3% |     9 |   19 |    26%
    14 |  -11% |   20% |  50 |  25 |  15 |   187 |   47% |  1.9 |   1.64 |  +172,093 |  +2.3% |     9 |   19 |    26%
    15 |  -11% |   20% |  50 |  35 |  15 |   187 |   47% |  1.9 |   1.64 |  +172,093 |  +2.3% |     9 |   19 |    26%
    16 |  -11% |   20% |  25 |  20 |  10 |   187 |   46% |  1.9 |   1.64 |  +166,763 |  +2.2% |     9 |   16 |    24%
    17 |  -11% |   20% |  25 |  25 |  10 |   187 |   46% |  1.9 |   1.64 |  +166,763 |  +2.2% |     9 |   16 |    24%
    18 |  -11% |   20% |  25 |  35 |  10 |   187 |   46% |  1.9 |   1.64 |  +166,763 |  +2.2% |     9 |   16 |    24%
    19 |   -9% |   20% |  50 |  20 |  15 |   187 |   44% |  2.1 |   1.64 |  +168,393 |  +2.3% |     9 |   17 |    25%
    20 |   -9% |   20% |  50 |  25 |  15 |   187 |   44% |  2.1 |   1.64 |  +168,393 |  +2.3% |     9 |   17 |    25%

[Phase B] Testing 54 ENTRY parameter combinations...
  Fixed exit: SL=-13% PS=20% MH=25 SF=20 TM=15
  [  1/54] G≥5 S≥55 Y≥60 CF=Y | 267笔 WR46% PF=1.62 P&L=+231,729
  [  2/54] G≥5 S≥55 Y≥60 CF=N | 267笔 WR46% PF=1.62 P&L=+231,729
  [  3/54] G≥5 S≥60 Y≥60 CF=Y | 266笔 WR46% PF=1.62 P&L=+230,707
  [  4/54] G≥5 S≥60 Y≥60 CF=N | 266笔 WR46% PF=1.62 P&L=+230,707
  [  5/54] G≥5 S≥70 Y≥60 CF=Y | 265笔 WR46% PF=1.64 P&L=+235,852
  [  6/54] G≥5 S≥70 Y≥60 CF=N | 265笔 WR46% PF=1.64 P&L=+235,852
  [  7/54] G≥5 S≥55 Y≥80 CF=Y | 265笔 WR46% PF=1.64 P&L=+237,007
  [  8/54] G≥5 S≥55 Y≥80 CF=N | 265笔 WR46% PF=1.64 P&L=+237,007
  [  9/54] G≥5 S≥60 Y≥80 CF=Y | 264笔 WR46% PF=1.64 P&L=+235,986
  [ 10/54] G≥5 S≥60 Y≥80 CF=N | 264笔 WR46% PF=1.64 P&L=+235,986
  [ 11/54] G≥5 S≥70 Y≥80 CF=Y | 263笔 WR46% PF=1.66 P&L=+241,130
  [ 12/54] G≥5 S≥70 Y≥80 CF=N | 263笔 WR46% PF=1.66 P&L=+241,130
  [ 13/54] G≥5 S≥55 Y≥105 CF=Y | 260笔 WR46% PF=1.65 P&L=+233,299
  [ 14/54] G≥5 S≥55 Y≥105 CF=N | 260笔 WR46% PF=1.65 P&L=+233,299
  [ 15/54] G≥5 S≥60 Y≥105 CF=Y | 259笔 WR46% PF=1.64 P&L=+232,278
  [ 16/54] G≥5 S≥60 Y≥105 CF=N | 259笔 WR46% PF=1.64 P&L=+232,278
  [ 17/54] G≥5 S≥70 Y≥105 CF=Y | 259笔 WR46% PF=1.66 P&L=+236,310
  [ 18/54] G≥5 S≥70 Y≥105 CF=N | 259笔 WR46% PF=1.66 P&L=+236,310
  [ 19/54] G≥6 S≥55 Y≥60 CF=Y | 191笔 WR47% PF=1.67 P&L=+177,697
  [ 20/54] G≥6 S≥55 Y≥60 CF=N | 191笔 WR47% PF=1.67 P&L=+177,697
  [ 21/54] G≥6 S≥60 Y≥60 CF=Y | 191笔 WR47% PF=1.67 P&L=+177,697
  [ 22/54] G≥6 S≥60 Y≥60 CF=N | 191笔 WR47% PF=1.67 P&L=+177,697
  [ 23/54] G≥6 S≥70 Y≥60 CF=Y | 191笔 WR47% PF=1.67 P&L=+177,697
  [ 24/54] G≥6 S≥70 Y≥60 CF=N | 191笔 WR47% PF=1.67 P&L=+177,697
  [ 25/54] G≥6 S≥55 Y≥80 CF=Y | 189笔 WR46% PF=1.66 P&L=+175,213
  [ 26/54] G≥6 S≥55 Y≥80 CF=N | 189笔 WR46% PF=1.66 P&L=+175,213
  [ 27/54] G≥6 S≥60 Y≥80 CF=Y | 189笔 WR46% PF=1.66 P&L=+175,213
  [ 28/54] G≥6 S≥60 Y≥80 CF=N | 189笔 WR46% PF=1.66 P&L=+175,213
  [ 29/54] G≥6 S≥70 Y≥80 CF=Y | 189笔 WR46% PF=1.66 P&L=+175,213
  [ 30/54] G≥6 S≥70 Y≥80 CF=N | 189笔 WR46% PF=1.66 P&L=+175,213
  [ 31/54] G≥6 S≥55 Y≥105 CF=Y | 187笔 WR46% PF=1.68 P&L=+176,834
  [ 32/54] G≥6 S≥55 Y≥105 CF=N | 187笔 WR46% PF=1.68 P&L=+176,834
  [ 33/54] G≥6 S≥60 Y≥105 CF=Y | 187笔 WR46% PF=1.68 P&L=+176,834
  [ 34/54] G≥6 S≥60 Y≥105 CF=N | 187笔 WR46% PF=1.68 P&L=+176,834
  [ 35/54] G≥6 S≥70 Y≥105 CF=Y | 187笔 WR46% PF=1.68 P&L=+176,834
  [ 36/54] G≥6 S≥70 Y≥105 CF=N | 187笔 WR46% PF=1.68 P&L=+176,834
  [ 37/54] G≥7 S≥55 Y≥60 CF=Y |  67笔 WR40% PF=1.26 P&L=+29,973
  [ 38/54] G≥7 S≥55 Y≥60 CF=N |  67笔 WR40% PF=1.26 P&L=+29,973
  [ 39/54] G≥7 S≥60 Y≥60 CF=Y |  67笔 WR40% PF=1.26 P&L=+29,973
  [ 40/54] G≥7 S≥60 Y≥60 CF=N |  67笔 WR40% PF=1.26 P&L=+29,973
  [ 41/54] G≥7 S≥70 Y≥60 CF=Y |  67笔 WR40% PF=1.26 P&L=+29,973
  [ 42/54] G≥7 S≥70 Y≥60 CF=N |  67笔 WR40% PF=1.26 P&L=+29,973
  [ 43/54] G≥7 S≥55 Y≥80 CF=Y |  67笔 WR40% PF=1.26 P&L=+29,973
  [ 44/54] G≥7 S≥55 Y≥80 CF=N |  67笔 WR40% PF=1.26 P&L=+29,973
  [ 45/54] G≥7 S≥60 Y≥80 CF=Y |  67笔 WR40% PF=1.26 P&L=+29,973
  [ 46/54] G≥7 S≥60 Y≥80 CF=N |  67笔 WR40% PF=1.26 P&L=+29,973
  [ 47/54] G≥7 S≥70 Y≥80 CF=Y |  67笔 WR40% PF=1.26 P&L=+29,973
  [ 48/54] G≥7 S≥70 Y≥80 CF=N |  67笔 WR40% PF=1.26 P&L=+29,973
  [ 49/54] G≥7 S≥55 Y≥105 CF=Y |  67笔 WR40% PF=1.26 P&L=+29,973
  [ 50/54] G≥7 S≥55 Y≥105 CF=N |  67笔 WR40% PF=1.26 P&L=+29,973
  [ 51/54] G≥7 S≥60 Y≥105 CF=Y |  67笔 WR40% PF=1.26 P&L=+29,973
  [ 52/54] G≥7 S≥60 Y≥105 CF=N |  67笔 WR40% PF=1.26 P&L=+29,973
  [ 53/54] G≥7 S≥70 Y≥105 CF=Y |  67笔 WR40% PF=1.26 P&L=+29,973
  [ 54/54] G≥7 S≥70 Y≥105 CF=N |  67笔 WR40% PF=1.26 P&L=+29,973

  ✅ Phase B done in 5s

========================================================================================================================
  🏆 Phase B TOP 10 (ENTRY params):
========================================================================================================================
   1. G≥6 S≥55 Y≥105 CF=Y | 187笔 WR46% PF=1.68 P&L=+176,834 | 2023:38笔-40,293 | 2024:52笔+114,358 | 2025:85笔+89,136 | 2026:12笔+13,633
   2. G≥6 S≥55 Y≥105 CF=N | 187笔 WR46% PF=1.68 P&L=+176,834 | 2023:38笔-40,293 | 2024:52笔+114,358 | 2025:85笔+89,136 | 2026:12笔+13,633
   3. G≥6 S≥60 Y≥105 CF=Y | 187笔 WR46% PF=1.68 P&L=+176,834 | 2023:38笔-40,293 | 2024:52笔+114,358 | 2025:85笔+89,136 | 2026:12笔+13,633
   4. G≥6 S≥60 Y≥105 CF=N | 187笔 WR46% PF=1.68 P&L=+176,834 | 2023:38笔-40,293 | 2024:52笔+114,358 | 2025:85笔+89,136 | 2026:12笔+13,633
   5. G≥6 S≥70 Y≥105 CF=Y | 187笔 WR46% PF=1.68 P&L=+176,834 | 2023:38笔-40,293 | 2024:52笔+114,358 | 2025:85笔+89,136 | 2026:12笔+13,633
   6. G≥6 S≥70 Y≥105 CF=N | 187笔 WR46% PF=1.68 P&L=+176,834 | 2023:38笔-40,293 | 2024:52笔+114,358 | 2025:85笔+89,136 | 2026:12笔+13,633
   7. G≥6 S≥55 Y≥60 CF=Y | 191笔 WR47% PF=1.67 P&L=+177,697 | 2023:38笔-40,293 | 2024:52笔+114,358 | 2025:88笔+99,885 | 2026:13笔+3,747
   8. G≥6 S≥55 Y≥60 CF=N | 191笔 WR47% PF=1.67 P&L=+177,697 | 2023:38笔-40,293 | 2024:52笔+114,358 | 2025:88笔+99,885 | 2026:13笔+3,747
   9. G≥6 S≥60 Y≥60 CF=Y | 191笔 WR47% PF=1.67 P&L=+177,697 | 2023:38笔-40,293 | 2024:52笔+114,358 | 2025:88笔+99,885 | 2026:13笔+3,747
  10. G≥6 S≥60 Y≥60 CF=N | 191笔 WR47% PF=1.67 P&L=+177,697 | 2023:38笔-40,293 | 2024:52笔+114,358 | 2025:88笔+99,885 | 2026:13笔+3,747

[Phase C] Fine-tuning around best combo (23 variants)...

════════════════════════════════════════════════════════════════════════════════════════════════════════════════════════
  🏆🏆🏆 FINAL TOP 30 — ALL PHASES COMBINED
════════════════════════════════════════════════════════════════════════════════════════════════════════════════════════
    # |    SL |    PS |  MH |  SF |  TM | G≥ |  S≥ |  Y≥ | CF |    N |   WR |  W/L |     PF |        P&L |   Avg% | MaxDD | Phase
    1 |  -13% |   20% |  25 |  20 |  20 |  6 |  55 | 105 |  Y |  187 |  46% | 2.0 |   1.74 |  +192,722 |  +2.6% |     9 | C
    2 |  -13% |   20% |  25 |  20 |   7 |  6 |  55 | 105 |  Y |  187 |  46% | 2.0 |   1.74 |  +191,216 |  +2.6% |     9 | C
    3 |  -13% |   21% |  25 |  20 |  15 |  6 |  55 | 105 |  Y |  187 |  46% | 2.0 |   1.73 |  +189,730 |  +2.6% |     9 | C
    4 |  -13% |   23% |  25 |  20 |  15 |  6 |  55 | 105 |  Y |  187 |  45% | 2.1 |   1.73 |  +190,445 |  +2.6% |     9 | C
    5 |  -13% |   22% |  25 |  20 |  15 |  6 |  55 | 105 |  Y |  187 |  45% | 2.1 |   1.72 |  +187,772 |  +2.5% |     9 | C
    6 |  -13% |   20% |  20 |  20 |  15 |  6 |  55 | 105 |  Y |  187 |  46% | 2.0 |   1.71 |  +182,198 |  +2.5% |     9 | C
    7 |  -13% |   20% |  25 |  20 |  15 |  6 |  60 | 105 |  Y |  187 |  46% | 2.0 |   1.68 |  +176,834 |  +2.4% |     9 | A
    8 |  -13% |   20% |  25 |  25 |  15 |  6 |  60 | 105 |  Y |  187 |  46% | 2.0 |   1.68 |  +176,834 |  +2.4% |     9 | A
    9 |  -13% |   20% |  25 |  35 |  15 |  6 |  60 | 105 |  Y |  187 |  46% | 2.0 |   1.68 |  +176,834 |  +2.4% |     9 | A
   10 |  -13% |   20% |  25 |  20 |  15 |  6 |  55 | 105 |  Y |  187 |  46% | 2.0 |   1.68 |  +176,834 |  +2.4% |     9 | B
   11 |  -13% |   20% |  25 |  20 |  15 |  6 |  55 | 105 |  N |  187 |  46% | 2.0 |   1.68 |  +176,834 |  +2.4% |     9 | B
   12 |  -13% |   20% |  25 |  20 |  15 |  6 |  60 | 105 |  Y |  187 |  46% | 2.0 |   1.68 |  +176,834 |  +2.4% |     9 | B
   13 |  -13% |   20% |  25 |  20 |  15 |  6 |  60 | 105 |  N |  187 |  46% | 2.0 |   1.68 |  +176,834 |  +2.4% |     9 | B
   14 |  -13% |   20% |  25 |  20 |  15 |  6 |  70 | 105 |  Y |  187 |  46% | 2.0 |   1.68 |  +176,834 |  +2.4% |     9 | B
   15 |  -13% |   20% |  25 |  20 |  15 |  6 |  70 | 105 |  N |  187 |  46% | 2.0 |   1.68 |  +176,834 |  +2.4% |     9 | B
   16 |  -13% |   20% |  25 |  20 |  15 |  6 |  55 | 105 |  Y |  187 |  46% | 2.0 |   1.68 |  +176,834 |  +2.4% |     9 | C
   17 |  -13% |   20% |  25 |  20 |  15 |  6 |  55 | 105 |  Y |  187 |  46% | 2.0 |   1.68 |  +176,834 |  +2.4% |     9 | C
   18 |  -13% |   20% |  25 |  20 |  15 |  6 |  55 | 105 |  Y |  187 |  46% | 2.0 |   1.68 |  +176,834 |  +2.4% |     9 | C
   19 |  -13% |   20% |  25 |  20 |  15 |  6 |  55 | 105 |  Y |  187 |  46% | 2.0 |   1.68 |  +176,834 |  +2.4% |     9 | C
   20 |  -11% |   20% |  25 |  20 |  15 |  6 |  60 | 105 |  Y |  187 |  46% | 2.0 |   1.68 |  +176,466 |  +2.4% |     9 | A
   21 |  -11% |   20% |  25 |  25 |  15 |  6 |  60 | 105 |  Y |  187 |  46% | 2.0 |   1.68 |  +176,466 |  +2.4% |     9 | A
   22 |  -11% |   20% |  25 |  35 |  15 |  6 |  60 | 105 |  Y |  187 |  46% | 2.0 |   1.68 |  +176,466 |  +2.4% |     9 | A
   23 |  -14% |   20% |  25 |  20 |  15 |  6 |  55 | 105 |  Y |  187 |  46% | 2.0 |   1.68 |  +176,266 |  +2.4% |     9 | C
   24 |  -13% |   20% |  25 |  20 |  15 |  6 |  55 |  60 |  Y |  191 |  47% | 1.9 |   1.67 |  +177,697 |  +2.4% |     9 | B
   25 |  -13% |   20% |  25 |  20 |  15 |  6 |  55 |  60 |  N |  191 |  47% | 1.9 |   1.67 |  +177,697 |  +2.4% |     9 | B
   26 |  -13% |   20% |  25 |  20 |  15 |  6 |  60 |  60 |  Y |  191 |  47% | 1.9 |   1.67 |  +177,697 |  +2.4% |     9 | B
   27 |  -13% |   20% |  25 |  20 |  15 |  6 |  60 |  60 |  N |  191 |  47% | 1.9 |   1.67 |  +177,697 |  +2.4% |     9 | B
   28 |  -13% |   20% |  25 |  20 |  15 |  6 |  70 |  60 |  Y |  191 |  47% | 1.9 |   1.67 |  +177,697 |  +2.4% |     9 | B
   29 |  -13% |   20% |  25 |  20 |  15 |  6 |  70 |  60 |  N |  191 |  47% | 1.9 |   1.67 |  +177,697 |  +2.4% |     9 | B
   30 |  -13% |   20% |  25 |  20 |  15 |  5 |  70 | 105 |  Y |  259 |  46% | 2.0 |   1.66 |  +236,310 |  +2.3% |    16 | B

════════════════════════════════════════════════════════════════════════════════════════════════════════════════════════
  👑 CHAMPION COMBO — PF=1.74
════════════════════════════════════════════════════════════════════════════════════════════════════════════════════════
  Stop Loss:          -13%
  Partial Sell:       +20% → sell 1/3
  Max Hold:           25天
  Stale Force Exit:   20天
  Trail MA:           MA20
  Min Green:          6/7
  Min Score:          55
  YELLOW Min Score:   105
  Chip Quality Filter: YES
  ---
  Trades:     187
  Win Rate:   46.0%
  W/L Ratio:  2.05
  PF:         1.74
  Total P&L:  +192,722
  Avg P&L%:   +2.61%
  Max DD:     9 consecutive losses
  Avg Hold:   18.4 days
  Partial %:  24%
  ---
  Yearly Breakdown:
    2023:  38笔 WR34% P&L=-40,293
    2024:  52笔 WR48% P&L=+115,924
    2025:  85笔 WR47% P&L=+95,934
    2026:  12笔 WR67% P&L=+21,158
  ---
  Exit Reasons:
    横盘: 83 (44%)
    强制出场: 53 (28%)
    硬止损: 29 (16%)
    MA追踪: 17 (9%)
    成本止损: 5 (3%)

  📁 Results saved to: /Users/yuting/trading/results/tune_results_20260421_023545.csv

  ⏱️  Total time: 13.8min
  📊 Combos tested: 653
  🎯 PF ≥ 2.0 combos: 0
════════════════════════════════════════════════════════════════════════════════════════════════════════════════════════
